5 [140165192725952] INFO perfrun.launcher <> - Launcher main begin
6 [140165192725952] INFO perfrun.launcher <> - MessageCatalogInit finished
6 [140165192725952] INFO perfrun.launcher <> - Launcher instance created
6 [140165192725952] INFO perfrun.launcher <> - argc = 7; cmdline = /opt/intel/oneapi/vtune/2023.2.0/bin64/amplxe-runss --ui-output-format xml --ui-output-fd 14 --option-file /home/ashen/Documents/Software_Analysis-git/Mid/mid/r001hs/config/runss.options 
29 [140165192725952] INFO perfrun.launcher <> - create msngr2::ICliToolContext
30 [140165192725952] INFO perfrun.launcher <> - create file finder object
30 [140165192725952] INFO perfrun.launcher <> - create a result directory: pattern = /home/ashen/Documents/Software_Analysis-git/Mid/mid/r001hs pid = 4294967295
30 [140165192725952] INFO perfrun.sdk <> - checked that the directory /home/ashen/Documents/Software_Analysis-git/Mid/mid/r001hs is a local directory
30 [140165192725952] INFO perfrun.sdk <> - the directory /home/ashen/Documents/Software_Analysis-git/Mid/mid/r001hs is a local directory with FS type ID 61267
31 [140165192725952] INFO perfrun.launcher <> - create data directory = /home/ashen/Documents/Software_Analysis-git/Mid/mid/r001hs/data.0
31 [140165192725952] INFO perfrun.launcher <> - Creating the master collection flag
31 [140165192725952] INFO perfrun.launcher <> - Done creating the master collection flag
32 [140165039253056] INFO perfrun.launcher <> - plugin [remoteplug] was disabled because it doesn't support the given collection type.
32 [140165039253056] INFO perfrun.sdk <> - Allocating TMU :/home/ashen/Documents/Software_Analysis-git/Mid/mid/r001hs/data.0/systemcollector-31268-Stephanie-Lin.sc
32 [140165039253056] INFO perfrun.system <> - Tpss based collection
32 [140165039253056] INFO perfrun.launcher <> - plugin [ptracecollector] was disabled because it doesn't support the given collection type.
32 [140165039253056] INFO perfrun.launcher <> - plugin [gpu] was disabled because it doesn't support the given collection type.
32 [140165039253056] INFO perfrun.launcher <> - plugin [] was disabled because it doesn't support the given collection type.
32 [140165039253056] INFO perfrun.launcher <> - plugin [] was disabled because it doesn't support the given collection type.
32 [140165039253056] INFO perfrun.launcher <> - plugin [] was disabled because it doesn't support the given collection type.
32 [140165039253056] INFO perfrun.mrte <> - system-wide mode is 0
32 [140165039253056] INFO perfrun.mrte <> - Getting  mrte profiling environment ...
36 [140165039253056] INFO perfrun.mrte <> - INTEL_MRTE_DATA_DIR=/home/ashen/Documents/Software_Analysis-git/Mid/mid/r001hs/data.0
36 [140165039253056] INFO perfrun.mrte <> - INTEL_MRTE_HOST_NAME=Stephanie-Lin
36 [140165039253056] INFO perfrun.mrte <> - JAVA_TOOL_OPTIONS=-agentlib:amplxe_tpssmrte_javaprof_1.0 -Dsun.boot.library.path=/opt/intel/oneapi/vtune/2023.2.0/lib32/runtime:/opt/intel/oneapi/vtune/2023.2.0/lib64/runtime
36 [140165039253056] INFO perfrun.mrte <> - LD_LIBRARY_PATH=/opt/intel/oneapi/vtune/2023.2.0/lib32/runtime:/opt/intel/oneapi/vtune/2023.2.0/lib64/runtime:/opt/intel/oneapi/tbb/2021.10.0/env/../lib/intel64/gcc4.8:/opt/intel/oneapi/mpi/2021.10.0//libfabric/lib:/opt/intel/oneapi/mpi/2021.10.0//lib/release:/opt/intel/oneapi/mpi/2021.10.0//lib:/opt/intel/oneapi/mkl/2023.2.0/lib/intel64:/opt/intel/oneapi/itac/2021.10.0/slib:/opt/intel/oneapi/ipp/2021.9.0/lib/intel64:/opt/intel/oneapi/ippcp/2021.8.0/lib/intel64:/opt/intel/oneapi/ipp/2021.9.0/lib/intel64:/opt/intel/oneapi/dnnl/2023.2.0/cpu_dpcpp_gpu_dpcpp/lib:/opt/intel/oneapi/debugger/2023.2.0/gdb/intel64/lib:/opt/intel/oneapi/debugger/2023.2.0/libipt/intel64/lib:/opt/intel/oneapi/debugger/2023.2.0/dep/lib:/opt/intel/oneapi/dal/2023.2.0/lib/intel64:/opt/intel/oneapi/compiler/2023.2.0/linux/lib:/opt/intel/oneapi/compiler/2023.2.0/linux/lib/x64:/opt/intel/oneapi/compiler/2023.2.0/linux/lib/oclfpga/host/linux64/lib:/opt/intel/oneapi/compiler/2023.2.0/linux/compiler/lib/intel64_lin:/opt/intel/oneapi/ccl/2021.10.0/lib/cpu_gpu_dpcpp:/opt/intel/oneapi/compiler/2023.2.0/linux/compiler/lib/intel64_lin:/opt/intel/oneapi/ccl/2021.10.0/lib/cpu_gpu_dpcpp
36 [140165039253056] INFO perfrun.mrte <> - CORECLR_ENABLE_PROFILING=1
36 [140165039253056] INFO perfrun.mrte <> - CORECLR_PROFILER={AA5E4821-E3B1-479c-B7FF-5AD047D22CED}
36 [140165039253056] INFO perfrun.mrte <> - CORECLR_PROFILER_PATH=/opt/intel/oneapi/vtune/2023.2.0/lib64/libamplxe_samplingmrte_clrprof_1.0.so
36 [140165039253056] INFO perfrun.mrte <> - INTEL_MRTE_PROFILER_MODE=mixed
36 [140165039253056] INFO perfrun.mrte <> - Data directory: /home/ashen/Documents/Software_Analysis-git/Mid/mid/r001hs/data.0
36 [140165039253056] INFO perfrun.mrte <> - Mrte plugin is initialized
36 [140165039253056] INFO perfrun.launcher <> - plugin [emon] was disabled because it doesn't support the given collection type.
36 [140165039253056] INFO perfrun.launcher <> - plugin [cuscol] was disabled because it doesn't support the given collection type.
36 [140165039253056] INFO perfrun.launcher <> - plugin [stdsrc] was disabled because it doesn't support the given collection type.
36 [140165039253056] INFO perfrun.launcher <> - plugin [sep] was disabled because it doesn't support the given collection type.
36 [140165039253056] INFO perfrun.launcher <> - plugin [vtsspp] was disabled because it doesn't support the given collection type.
36 [140165039253056] INFO perfrun.sdk <> - Reading value (1) from file: /proc/sys/kernel/perf_event_paranoid
36 [140165039253056] INFO perfrun.perfcollector <> - checking access to: /opt/intel/oneapi/vtune/2023.2.0/bin64/amplxe-perf-priv
37 [140165039253056] INFO perfrun.perfcollector <> - cpu: family = 6 model = 167
37 [140165039253056] INFO perfrun.perfcollector <> - dir found: /sys/bus/event_source/devices/software
37 [140165039253056] INFO perfrun.perfcollector <> - format: pmu format subdir doesn't exist
37 [140165039253056] INFO perfrun.perfcollector <> - hwInfo: not set, pmuFam: software
37 [140165039253056] INFO perfrun.perfcollector <> - pmu added: family: software, id: 0
37 [140165039253056] INFO perfrun.perfcollector <> - dir found: /sys/bus/event_source/devices/uncore_clock
37 [140165039253056] INFO perfrun.perfcollector <> - format: event config:0-7 mask:0-7
37 [140165039253056] INFO perfrun.perfcollector <> - hwInfo: not set, pmuFam: uncore_clock
37 [140165039253056] INFO perfrun.perfcollector <> - pmu added: family: uncore_clock, id: 0
37 [140165039253056] INFO perfrun.perfcollector <> - dir found: /sys/bus/event_source/devices/uncore_cbox_4
37 [140165039253056] INFO perfrun.perfcollector <> - format: event config:0-7 mask:0-7
37 [140165039253056] INFO perfrun.perfcollector <> - format: edge config:18 mask:18
37 [140165039253056] INFO perfrun.perfcollector <> - format: inv config:23 mask:23
37 [140165039253056] INFO perfrun.perfcollector <> - format: umask config:8-15 mask:8-15
37 [140165039253056] INFO perfrun.perfcollector <> - format: cmask config:24-28 mask:24-28
37 [140165039253056] INFO perfrun.perfcollector <> - hwInfo: PERF_CBOX_PMU_DETAILS
37 [140165039253056] INFO perfrun.perfcollector <> - pmu added: family: uncore_cbox, id: 4
37 [140165039253056] INFO perfrun.perfcollector <> - dir found: /sys/bus/event_source/devices/uprobe
37 [140165039253056] INFO perfrun.perfcollector <> - format: ref_ctr_offset config:32-63 mask:32-63
37 [140165039253056] INFO perfrun.perfcollector <> - format: retprobe config:0 mask:0
37 [140165039253056] INFO perfrun.perfcollector <> - hwInfo: not set, pmuFam: uprobe
37 [140165039253056] INFO perfrun.perfcollector <> - pmu added: family: uprobe, id: 0
37 [140165039253056] INFO perfrun.perfcollector <> - dir found: /sys/bus/event_source/devices/intel_bts
37 [140165039253056] INFO perfrun.perfcollector <> - format: pmu format subdir doesn't exist
37 [140165039253056] INFO perfrun.perfcollector <> - hwInfo: not set, pmuFam: intel_bts
37 [140165039253056] INFO perfrun.perfcollector <> - pmu added: family: intel_bts, id: 0
37 [140165039253056] INFO perfrun.perfcollector <> - dir found: /sys/bus/event_source/devices/uncore_imc
37 [140165039253056] INFO perfrun.perfcollector <> - format: event config:0-7 mask:0-7
37 [140165039253056] INFO perfrun.perfcollector <> - hwInfo: PERF_IMC_PMU_DETAILS
37 [140165039253056] INFO perfrun.perfcollector <> - pmu added: family: uncore_imc, id: 0
37 [140165039253056] INFO perfrun.perfcollector <> - dir found: /sys/bus/event_source/devices/cpu
37 [140165039253056] INFO perfrun.perfcollector <> - format: event config:0-7 mask:0-7
37 [140165039253056] INFO perfrun.perfcollector <> - format: pc config:19 mask:19
37 [140165039253056] INFO perfrun.perfcollector <> - format: edge config:18 mask:18
37 [140165039253056] INFO perfrun.perfcollector <> - format: offcore_rsp config1:0-63 mask:0-63
37 [140165039253056] INFO perfrun.perfcollector <> - format: ldlat config1:0-15 mask:0-15
37 [140165039253056] INFO perfrun.perfcollector <> - format: inv config:23 mask:23
37 [140165039253056] INFO perfrun.perfcollector <> - format: umask config:8-15 mask:8-15
37 [140165039253056] INFO perfrun.perfcollector <> - format: frontend config1:0-23 mask:0-23
37 [140165039253056] INFO perfrun.perfcollector <> - format: cmask config:24-31 mask:24-31
37 [140165039253056] INFO perfrun.perfcollector <> - hwInfo: PERF_CPU_PMU_DETAILS
37 [140165039253056] INFO perfrun.perfcollector <> - pmu added: family: cpu, id: 0
37 [140165039253056] INFO perfrun.perfcollector <> - dir found: /sys/bus/event_source/devices/cstate_core
37 [140165039253056] INFO perfrun.perfcollector <> - format: event config:0-63 mask:0-63
37 [140165039253056] INFO perfrun.perfcollector <> - hwInfo: not set, pmuFam: cstate_core
37 [140165039253056] INFO perfrun.perfcollector <> - pmu added: family: cstate_core, id: 0
37 [140165039253056] INFO perfrun.perfcollector <> - dir found: /sys/bus/event_source/devices/uncore_cbox_2
37 [140165039253056] INFO perfrun.perfcollector <> - format: event config:0-7 mask:0-7
37 [140165039253056] INFO perfrun.perfcollector <> - format: edge config:18 mask:18
37 [140165039253056] INFO perfrun.perfcollector <> - format: inv config:23 mask:23
37 [140165039253056] INFO perfrun.perfcollector <> - format: umask config:8-15 mask:8-15
37 [140165039253056] INFO perfrun.perfcollector <> - format: cmask config:24-28 mask:24-28
37 [140165039253056] INFO perfrun.perfcollector <> - hwInfo: PERF_CBOX_PMU_DETAILS
37 [140165039253056] INFO perfrun.perfcollector <> - pmu added: family: uncore_cbox, id: 2
37 [140165039253056] INFO perfrun.perfcollector <> - dir found: /sys/bus/event_source/devices/breakpoint
37 [140165039253056] INFO perfrun.perfcollector <> - format: pmu format subdir doesn't exist
37 [140165039253056] INFO perfrun.perfcollector <> - hwInfo: not set, pmuFam: breakpoint
37 [140165039253056] INFO perfrun.perfcollector <> - pmu added: family: breakpoint, id: 0
37 [140165039253056] INFO perfrun.perfcollector <> - dir found: /sys/bus/event_source/devices/uncore_cbox_0
37 [140165039253056] INFO perfrun.perfcollector <> - format: event config:0-7 mask:0-7
37 [140165039253056] INFO perfrun.perfcollector <> - format: edge config:18 mask:18
37 [140165039253056] INFO perfrun.perfcollector <> - format: inv config:23 mask:23
37 [140165039253056] INFO perfrun.perfcollector <> - format: umask config:8-15 mask:8-15
37 [140165039253056] INFO perfrun.perfcollector <> - format: cmask config:24-28 mask:24-28
37 [140165039253056] INFO perfrun.perfcollector <> - hwInfo: PERF_CBOX_PMU_DETAILS
37 [140165039253056] INFO perfrun.perfcollector <> - pmu added: family: uncore_cbox, id: 0
37 [140165039253056] INFO perfrun.perfcollector <> - dir found: /sys/bus/event_source/devices/tracepoint
37 [140165039253056] INFO perfrun.perfcollector <> - format: pmu format subdir doesn't exist
37 [140165039253056] INFO perfrun.perfcollector <> - hwInfo: not set, pmuFam: tracepoint
37 [140165039253056] INFO perfrun.perfcollector <> - pmu added: family: tracepoint, id: 0
37 [140165039253056] INFO perfrun.perfcollector <> - dir found: /sys/bus/event_source/devices/cstate_pkg
38 [140165039253056] INFO perfrun.perfcollector <> - format: event config:0-63 mask:0-63
38 [140165039253056] INFO perfrun.perfcollector <> - hwInfo: not set, pmuFam: cstate_pkg
38 [140165039253056] INFO perfrun.perfcollector <> - pmu added: family: cstate_pkg, id: 0
38 [140165039253056] INFO perfrun.perfcollector <> - dir found: /sys/bus/event_source/devices/uncore_arb
38 [140165039253056] INFO perfrun.perfcollector <> - format: event config:0-7 mask:0-7
38 [140165039253056] INFO perfrun.perfcollector <> - format: edge config:18 mask:18
38 [140165039253056] INFO perfrun.perfcollector <> - format: inv config:23 mask:23
38 [140165039253056] INFO perfrun.perfcollector <> - format: umask config:8-15 mask:8-15
38 [140165039253056] INFO perfrun.perfcollector <> - format: cmask config:24-28 mask:24-28
38 [140165039253056] INFO perfrun.perfcollector <> - hwInfo: not set, pmuFam: uncore_arb
38 [140165039253056] INFO perfrun.perfcollector <> - pmu added: family: uncore_arb, id: 0
38 [140165039253056] INFO perfrun.perfcollector <> - dir found: /sys/bus/event_source/devices/kprobe
38 [140165039253056] INFO perfrun.perfcollector <> - format: retprobe config:0 mask:0
38 [140165039253056] INFO perfrun.perfcollector <> - hwInfo: not set, pmuFam: kprobe
38 [140165039253056] INFO perfrun.perfcollector <> - pmu added: family: kprobe, id: 0
38 [140165039253056] INFO perfrun.perfcollector <> - dir found: /sys/bus/event_source/devices/uncore_cbox_5
38 [140165039253056] INFO perfrun.perfcollector <> - format: event config:0-7 mask:0-7
38 [140165039253056] INFO perfrun.perfcollector <> - format: edge config:18 mask:18
38 [140165039253056] INFO perfrun.perfcollector <> - format: inv config:23 mask:23
38 [140165039253056] INFO perfrun.perfcollector <> - format: umask config:8-15 mask:8-15
38 [140165039253056] INFO perfrun.perfcollector <> - format: cmask config:24-28 mask:24-28
38 [140165039253056] INFO perfrun.perfcollector <> - hwInfo: PERF_CBOX_PMU_DETAILS
38 [140165039253056] INFO perfrun.perfcollector <> - pmu added: family: uncore_cbox, id: 5
38 [140165039253056] INFO perfrun.perfcollector <> - dir found: /sys/bus/event_source/devices/i915
38 [140165039253056] INFO perfrun.perfcollector <> - format: i915_eventid config:0-20 mask:0-20
38 [140165039253056] INFO perfrun.perfcollector <> - hwInfo: not set, pmuFam: i915
38 [140165039253056] INFO perfrun.perfcollector <> - pmu added: family: i915, id: 0
38 [140165039253056] INFO perfrun.perfcollector <> - dir found: /sys/bus/event_source/devices/msr
38 [140165039253056] INFO perfrun.perfcollector <> - format: event config:0-63 mask:0-63
38 [140165039253056] INFO perfrun.perfcollector <> - hwInfo: not set, pmuFam: msr
38 [140165039253056] INFO perfrun.perfcollector <> - pmu added: family: msr, id: 0
38 [140165039253056] INFO perfrun.perfcollector <> - dir found: /sys/bus/event_source/devices/uncore_cbox_3
38 [140165039253056] INFO perfrun.perfcollector <> - format: event config:0-7 mask:0-7
38 [140165039253056] INFO perfrun.perfcollector <> - format: edge config:18 mask:18
38 [140165039253056] INFO perfrun.perfcollector <> - format: inv config:23 mask:23
38 [140165039253056] INFO perfrun.perfcollector <> - format: umask config:8-15 mask:8-15
38 [140165039253056] INFO perfrun.perfcollector <> - format: cmask config:24-28 mask:24-28
38 [140165039253056] INFO perfrun.perfcollector <> - hwInfo: PERF_CBOX_PMU_DETAILS
38 [140165039253056] INFO perfrun.perfcollector <> - pmu added: family: uncore_cbox, id: 3
38 [140165039253056] INFO perfrun.perfcollector <> - dir found: /sys/bus/event_source/devices/intel_pt
38 [140165039253056] INFO perfrun.perfcollector <> - format: ptw config:12 mask:12
38 [140165039253056] INFO perfrun.perfcollector <> - format: event config:31 mask:31
38 [140165039253056] INFO perfrun.perfcollector <> - format: cyc_thresh config:19-22 mask:19-22
38 [140165039253056] INFO perfrun.perfcollector <> - format: pt config:0 mask:0
38 [140165039253056] INFO perfrun.perfcollector <> - format: notnt config:55 mask:55
38 [140165039253056] INFO perfrun.perfcollector <> - format: branch config:13 mask:13
38 [140165039253056] INFO perfrun.perfcollector <> - format: tsc config:10 mask:10
38 [140165039253056] INFO perfrun.perfcollector <> - format: pwr_evt config:4 mask:4
38 [140165039253056] INFO perfrun.perfcollector <> - format: fup_on_ptw config:5 mask:5
38 [140165039253056] INFO perfrun.perfcollector <> - format: cyc config:1 mask:1
38 [140165039253056] INFO perfrun.perfcollector <> - format: noretcomp config:11 mask:11
38 [140165039253056] INFO perfrun.perfcollector <> - format: mtc config:9 mask:9
38 [140165039253056] INFO perfrun.perfcollector <> - format: psb_period config:24-27 mask:24-27
38 [140165039253056] INFO perfrun.perfcollector <> - format: mtc_period config:14-17 mask:14-17
38 [140165039253056] INFO perfrun.perfcollector <> - hwInfo: not set, pmuFam: intel_pt
38 [140165039253056] INFO perfrun.perfcollector <> - pmu added: family: intel_pt, id: 0
38 [140165039253056] INFO perfrun.perfcollector <> - dir found: /sys/bus/event_source/devices/uncore_cbox_1
38 [140165039253056] INFO perfrun.perfcollector <> - format: event config:0-7 mask:0-7
38 [140165039253056] INFO perfrun.perfcollector <> - format: edge config:18 mask:18
38 [140165039253056] INFO perfrun.perfcollector <> - format: inv config:23 mask:23
38 [140165039253056] INFO perfrun.perfcollector <> - format: umask config:8-15 mask:8-15
38 [140165039253056] INFO perfrun.perfcollector <> - format: cmask config:24-28 mask:24-28
38 [140165039253056] INFO perfrun.perfcollector <> - hwInfo: PERF_CBOX_PMU_DETAILS
38 [140165039253056] INFO perfrun.perfcollector <> - pmu added: family: uncore_cbox, id: 1
38 [140165039253056] INFO perfrun.sdk <> - runCmd: /opt/intel/oneapi/vtune/2023.2.0/bin64/sep -dry-run -sam 1 -ec CPU_CLK_UNHALTED.THREAD,CPU_CLK_UNHALTED.REF_TSC:sample:sa=2700000,INST_RETIRED.ANY:sample:sa=2700000,CPU_CLK_UNHALTED.DISTRIBUTED,FP_ARITH_INST_RETIRED.SCALAR_SINGLE,FP_ARITH_INST_RETIRED.128B_PACKED_SINGLE,FP_ARITH_INST_RETIRED.256B_PACKED_SINGLE,FP_ARITH_INST_RETIRED.SCALAR_DOUBLE,FP_ARITH_INST_RETIRED.128B_PACKED_DOUBLE,FP_ARITH_INST_RETIRED.256B_PACKED_DOUBLE,UOPS_EXECUTED.X87,UOPS_RETIRED.SLOTS:sample:sa=2000003,UOPS_EXECUTED.THREAD,FP_ARITH_INST_RETIRED.512B_PACKED_DOUBLE,FP_ARITH_INST_RETIRED.512B_PACKED_SINGLE,TOPDOWN.SLOTS:sample:sa=2000003 -experimental
39 [140165039253056] INFO perfrun.sdk <> - runCmd started PID 31272
45 [140165039253056] INFO perfrun.perfcollector <> - SepDryRun RC = true
46 [140165039253056] INFO perfrun.perfcollector <> - DRY_RUN: "PMU type: Core (core)"
46 [140165039253056] INFO perfrun.perfcollector <> - pmu type: cpu
46 [140165039253056] INFO perfrun.perfcollector <> - DRY_RUN: "Group 0:"
46 [140165039253056] INFO perfrun.perfcollector <> - id: 0
46 [140165039253056] INFO perfrun.perfcollector <> - DRY_RUN: "INST_RETIRED.ANY: event id 2"
46 [140165039253056] INFO perfrun.perfcollector <> - eventName: INST_RETIRED.ANY, eventId: 2
46 [140165039253056] INFO perfrun.perfcollector <> - DRY_RUN: "CPU_CLK_UNHALTED.THREAD: event id 0"
46 [140165039253056] INFO perfrun.perfcollector <> - eventName: CPU_CLK_UNHALTED.THREAD, eventId: 0
46 [140165039253056] INFO perfrun.perfcollector <> - DRY_RUN: "CPU_CLK_UNHALTED.REF_TSC: event id 1"
46 [140165039253056] INFO perfrun.perfcollector <> - eventName: CPU_CLK_UNHALTED.REF_TSC, eventId: 1
46 [140165039253056] INFO perfrun.perfcollector <> - DRY_RUN: "TOPDOWN.SLOTS: event id 15"
46 [140165039253056] INFO perfrun.perfcollector <> - eventName: TOPDOWN.SLOTS, eventId: 15
46 [140165039253056] INFO perfrun.perfcollector <> - DRY_RUN: "CPU_CLK_UNHALTED.DISTRIBUTED: event id 3"
46 [140165039253056] INFO perfrun.perfcollector <> - eventName: CPU_CLK_UNHALTED.DISTRIBUTED, eventId: 3
46 [140165039253056] INFO perfrun.perfcollector <> - DRY_RUN: "FP_ARITH_INST_RETIRED.SCALAR_SINGLE: event id 4"
46 [140165039253056] INFO perfrun.perfcollector <> - eventName: FP_ARITH_INST_RETIRED.SCALAR_SINGLE, eventId: 4
46 [140165039253056] INFO perfrun.perfcollector <> - DRY_RUN: "FP_ARITH_INST_RETIRED.128B_PACKED_SINGLE: event id 5"
46 [140165039253056] INFO perfrun.perfcollector <> - eventName: FP_ARITH_INST_RETIRED.128B_PACKED_SINGLE, eventId: 5
46 [140165039253056] INFO perfrun.perfcollector <> - DRY_RUN: "FP_ARITH_INST_RETIRED.256B_PACKED_SINGLE: event id 6"
46 [140165039253056] INFO perfrun.perfcollector <> - eventName: FP_ARITH_INST_RETIRED.256B_PACKED_SINGLE, eventId: 6
46 [140165039253056] INFO perfrun.perfcollector <> - DRY_RUN: "FP_ARITH_INST_RETIRED.SCALAR_DOUBLE: event id 7"
46 [140165039253056] INFO perfrun.perfcollector <> - eventName: FP_ARITH_INST_RETIRED.SCALAR_DOUBLE, eventId: 7
46 [140165039253056] INFO perfrun.perfcollector <> - DRY_RUN: "FP_ARITH_INST_RETIRED.128B_PACKED_DOUBLE: event id 8"
46 [140165039253056] INFO perfrun.perfcollector <> - eventName: FP_ARITH_INST_RETIRED.128B_PACKED_DOUBLE, eventId: 8
46 [140165039253056] INFO perfrun.perfcollector <> - DRY_RUN: "FP_ARITH_INST_RETIRED.256B_PACKED_DOUBLE: event id 9"
46 [140165039253056] INFO perfrun.perfcollector <> - eventName: FP_ARITH_INST_RETIRED.256B_PACKED_DOUBLE, eventId: 9
46 [140165039253056] INFO perfrun.perfcollector <> - DRY_RUN: "UOPS_EXECUTED.X87: event id 10"
46 [140165039253056] INFO perfrun.perfcollector <> - eventName: UOPS_EXECUTED.X87, eventId: 10
46 [140165039253056] INFO perfrun.perfcollector <> - DRY_RUN: "CCCR"
46 [140165039253056] INFO perfrun.perfcollector <> - DRY_RUN: "reg_type       = 1	event_id       = g	reg_id         = 38f	reg_value      = f000000ff"
46 [140165039253056] INFO perfrun.perfcollector <> - eventId: g, skip parsing event_id
46 [140165039253056] INFO perfrun.perfcollector <> - Register was ignored: group_id: 0, reg_type: 1, event_id: 4294967295, reg_id: 38f, reg_value: f000000ff, pmu_name: cpu
46 [140165039253056] INFO perfrun.perfcollector <> - DRY_RUN: "reg_type       = 1	event_id       = g	reg_id         = 390	reg_value      = f000000ff"
46 [140165039253056] INFO perfrun.perfcollector <> - eventId: g, skip parsing event_id
46 [140165039253056] INFO perfrun.perfcollector <> - Register was ignored: group_id: 0, reg_type: 1, event_id: 4294967295, reg_id: 390, reg_value: f000000ff, pmu_name: cpu
46 [140165039253056] INFO perfrun.perfcollector <> - DRY_RUN: "reg_type       = 1	event_id       = g	reg_id         = 3f1	reg_value      = f000000ff"
46 [140165039253056] INFO perfrun.perfcollector <> - eventId: g, skip parsing event_id
46 [140165039253056] INFO perfrun.perfcollector <> - Extended PEBS: group_id: 0, reg_type: 1, event_id: 4294967295, reg_id: 3f1, reg_value: f000000ff, pmu_name: cpu
46 [140165039253056] INFO perfrun.perfcollector <> - DRY_RUN: "reg_type       = 1	event_id       = g	reg_id         = 1d9	reg_value      = 1800"
46 [140165039253056] INFO perfrun.perfcollector <> - eventId: g, skip parsing event_id
46 [140165039253056] INFO perfrun.perfcollector <> - Register was ignored: group_id: 0, reg_type: 1, event_id: 4294967295, reg_id: 1d9, reg_value: 1800, pmu_name: cpu
46 [140165039253056] INFO perfrun.perfcollector <> - DRY_RUN: "reg_type       = 1	event_id       = g	reg_id         = 38d	reg_value      = 3333"
46 [140165039253056] INFO perfrun.perfcollector <> - eventId: g, skip parsing event_id
46 [140165039253056] INFO perfrun.perfcollector <> - Register was ignored: group_id: 0, reg_type: 1, event_id: 4294967295, reg_id: 38d, reg_value: 3333, pmu_name: cpu
46 [140165039253056] INFO perfrun.perfcollector <> - DRY_RUN: "reg_type       = 1	event_id       = g	reg_id         = 3f2	reg_value      = 0"
46 [140165039253056] INFO perfrun.perfcollector <> - eventId: g, skip parsing event_id
46 [140165039253056] INFO perfrun.perfcollector <> - Adaptive PEBS: group_id: 0, reg_type: 1, event_id: 4294967295, reg_id: 3f2, reg_value: 0, pmu_name: cpu
46 [140165039253056] INFO perfrun.perfcollector <> - DRY_RUN: "reg_type       = 1	event_id       = 3	reg_id         = 186	reg_value      = 4302ec"
46 [140165039253056] INFO perfrun.perfcollector <> - Event selector: group_id: 0, reg_type: 1, event_id: 3, reg_id: 186, reg_value: 4302ec, pmu_name: cpu
46 [140165039253056] INFO perfrun.perfcollector <> - DRY_RUN: "reg_type       = 1	event_id       = 4	reg_id         = 187	reg_value      = 4302c7"
46 [140165039253056] INFO perfrun.perfcollector <> - Event selector: group_id: 0, reg_type: 1, event_id: 4, reg_id: 187, reg_value: 4302c7, pmu_name: cpu
46 [140165039253056] INFO perfrun.perfcollector <> - DRY_RUN: "reg_type       = 1	event_id       = 5	reg_id         = 188	reg_value      = 4308c7"
46 [140165039253056] INFO perfrun.perfcollector <> - Event selector: group_id: 0, reg_type: 1, event_id: 5, reg_id: 188, reg_value: 4308c7, pmu_name: cpu
46 [140165039253056] INFO perfrun.perfcollector <> - DRY_RUN: "reg_type       = 1	event_id       = 6	reg_id         = 189	reg_value      = 4320c7"
46 [140165039253056] INFO perfrun.perfcollector <> - Event selector: group_id: 0, reg_type: 1, event_id: 6, reg_id: 189, reg_value: 4320c7, pmu_name: cpu
46 [140165039253056] INFO perfrun.perfcollector <> - DRY_RUN: "reg_type       = 1	event_id       = 7	reg_id         = 18a	reg_value      = 4301c7"
46 [140165039253056] INFO perfrun.perfcollector <> - Event selector: group_id: 0, reg_type: 1, event_id: 7, reg_id: 18a, reg_value: 4301c7, pmu_name: cpu
46 [140165039253056] INFO perfrun.perfcollector <> - DRY_RUN: "reg_type       = 1	event_id       = 8	reg_id         = 18b	reg_value      = 4304c7"
46 [140165039253056] INFO perfrun.perfcollector <> - Event selector: group_id: 0, reg_type: 1, event_id: 8, reg_id: 18b, reg_value: 4304c7, pmu_name: cpu
46 [140165039253056] INFO perfrun.perfcollector <> - DRY_RUN: "reg_type       = 1	event_id       = 9	reg_id         = 18c	reg_value      = 4310c7"
46 [140165039253056] INFO perfrun.perfcollector <> - Event selector: group_id: 0, reg_type: 1, event_id: 9, reg_id: 18c, reg_value: 4310c7, pmu_name: cpu
46 [140165039253056] INFO perfrun.perfcollector <> - DRY_RUN: "reg_type       = 1	event_id       = 10	reg_id         = 18d	reg_value      = 4310b1"
46 [140165039253056] INFO perfrun.perfcollector <> - Event selector: group_id: 0, reg_type: 1, event_id: 10, reg_id: 18d, reg_value: 4310b1, pmu_name: cpu
46 [140165039253056] INFO perfrun.perfcollector <> - DRY_RUN: "ESCR"
46 [140165039253056] INFO perfrun.perfcollector <> - DRY_RUN: "reg_type       = 2	event_id       = g	reg_id         = 1c8	reg_value      = 0"
46 [140165039253056] INFO perfrun.perfcollector <> - eventId: g, skip parsing event_id
46 [140165039253056] INFO perfrun.perfcollector <> - DRY_RUN: "DATA"
46 [140165039253056] INFO perfrun.perfcollector <> - DRY_RUN: "reg_type       = 4	event_id       = 2	reg_id         = 309	reg_value      = ffffffd6cd20"
46 [140165039253056] INFO perfrun.perfcollector <> - eventId: 2, dataAddr: 309, dataVal: ffffffd6cd20
46 [140165039253056] INFO perfrun.perfcollector <> - DRY_RUN: "reg_type       = 4	event_id       = 0	reg_id         = 30a	reg_value      = ffffffe17b7d"
46 [140165039253056] INFO perfrun.perfcollector <> - eventId: 0, dataAddr: 30a, dataVal: ffffffe17b7d
46 [140165039253056] INFO perfrun.perfcollector <> - DRY_RUN: "reg_type       = 4	event_id       = 1	reg_id         = 30b	reg_value      = ffffffd6cd20"
46 [140165039253056] INFO perfrun.perfcollector <> - eventId: 1, dataAddr: 30b, dataVal: ffffffd6cd20
46 [140165039253056] INFO perfrun.perfcollector <> - DRY_RUN: "reg_type       = 4	event_id       = 15	reg_id         = 30c	reg_value      = ffffffe17b7d"
46 [140165039253056] INFO perfrun.perfcollector <> - eventId: 15, dataAddr: 30c, dataVal: ffffffe17b7d
46 [140165039253056] INFO perfrun.perfcollector <> - DRY_RUN: "reg_type       = 4	event_id       = 3	reg_id         = c1	reg_value      = ffffffe17b7d"
46 [140165039253056] INFO perfrun.perfcollector <> - eventId: 3, dataAddr: c1, dataVal: ffffffe17b7d
46 [140165039253056] INFO perfrun.perfcollector <> - DRY_RUN: "reg_type       = 4	event_id       = 4	reg_id         = c2	reg_value      = fffffffe795d"
46 [140165039253056] INFO perfrun.perfcollector <> - eventId: 4, dataAddr: c2, dataVal: fffffffe795d
46 [140165039253056] INFO perfrun.perfcollector <> - DRY_RUN: "reg_type       = 4	event_id       = 5	reg_id         = c3	reg_value      = fffffffe795d"
46 [140165039253056] INFO perfrun.perfcollector <> - eventId: 5, dataAddr: c3, dataVal: fffffffe795d
46 [140165039253056] INFO perfrun.perfcollector <> - DRY_RUN: "reg_type       = 4	event_id       = 6	reg_id         = c4	reg_value      = fffffffe795d"
46 [140165039253056] INFO perfrun.perfcollector <> - eventId: 6, dataAddr: c4, dataVal: fffffffe795d
46 [140165039253056] INFO perfrun.perfcollector <> - DRY_RUN: "reg_type       = 4	event_id       = 7	reg_id         = c5	reg_value      = fffffffe795d"
46 [140165039253056] INFO perfrun.perfcollector <> - eventId: 7, dataAddr: c5, dataVal: fffffffe795d
46 [140165039253056] INFO perfrun.perfcollector <> - DRY_RUN: "reg_type       = 4	event_id       = 8	reg_id         = c6	reg_value      = fffffffe795d"
46 [140165039253056] INFO perfrun.perfcollector <> - eventId: 8, dataAddr: c6, dataVal: fffffffe795d
46 [140165039253056] INFO perfrun.perfcollector <> - DRY_RUN: "reg_type       = 4	event_id       = 9	reg_id         = c7	reg_value      = fffffffe795d"
46 [140165039253056] INFO perfrun.perfcollector <> - eventId: 9, dataAddr: c7, dataVal: fffffffe795d
46 [140165039253056] INFO perfrun.perfcollector <> - DRY_RUN: "reg_type       = 4	event_id       = 10	reg_id         = c8	reg_value      = ffffffe17b7d"
46 [140165039253056] INFO perfrun.perfcollector <> - eventId: 10, dataAddr: c8, dataVal: ffffffe17b7d
46 [140165039253056] INFO perfrun.perfcollector <> - DRY_RUN: "Group 1:"
46 [140165039253056] INFO perfrun.perfcollector <> - id: 1
46 [140165039253056] INFO perfrun.perfcollector <> - DRY_RUN: "INST_RETIRED.ANY: event id 2"
46 [140165039253056] INFO perfrun.perfcollector <> - eventName: INST_RETIRED.ANY, eventId: 2
46 [140165039253056] INFO perfrun.perfcollector <> - DRY_RUN: "CPU_CLK_UNHALTED.THREAD: event id 0"
46 [140165039253056] INFO perfrun.perfcollector <> - eventName: CPU_CLK_UNHALTED.THREAD, eventId: 0
46 [140165039253056] INFO perfrun.perfcollector <> - DRY_RUN: "CPU_CLK_UNHALTED.REF_TSC: event id 1"
46 [140165039253056] INFO perfrun.perfcollector <> - eventName: CPU_CLK_UNHALTED.REF_TSC, eventId: 1
46 [140165039253056] INFO perfrun.perfcollector <> - DRY_RUN: "TOPDOWN.SLOTS: event id 15"
46 [140165039253056] INFO perfrun.perfcollector <> - eventName: TOPDOWN.SLOTS, eventId: 15
46 [140165039253056] INFO perfrun.perfcollector <> - DRY_RUN: "UOPS_RETIRED.SLOTS: event id 11"
46 [140165039253056] INFO perfrun.perfcollector <> - eventName: UOPS_RETIRED.SLOTS, eventId: 11
46 [140165039253056] INFO perfrun.perfcollector <> - DRY_RUN: "UOPS_EXECUTED.THREAD: event id 12"
46 [140165039253056] INFO perfrun.perfcollector <> - eventName: UOPS_EXECUTED.THREAD, eventId: 12
46 [140165039253056] INFO perfrun.perfcollector <> - DRY_RUN: "FP_ARITH_INST_RETIRED.512B_PACKED_DOUBLE: event id 13"
46 [140165039253056] INFO perfrun.perfcollector <> - eventName: FP_ARITH_INST_RETIRED.512B_PACKED_DOUBLE, eventId: 13
46 [140165039253056] INFO perfrun.perfcollector <> - DRY_RUN: "FP_ARITH_INST_RETIRED.512B_PACKED_SINGLE: event id 14"
46 [140165039253056] INFO perfrun.perfcollector <> - eventName: FP_ARITH_INST_RETIRED.512B_PACKED_SINGLE, eventId: 14
46 [140165039253056] INFO perfrun.perfcollector <> - DRY_RUN: "CCCR"
46 [140165039253056] INFO perfrun.perfcollector <> - DRY_RUN: "reg_type       = 1	event_id       = g	reg_id         = 38f	reg_value      = f0000000f"
46 [140165039253056] INFO perfrun.perfcollector <> - eventId: g, skip parsing event_id
46 [140165039253056] INFO perfrun.perfcollector <> - Register was ignored: group_id: 1, reg_type: 1, event_id: 4294967295, reg_id: 38f, reg_value: f0000000f, pmu_name: cpu
46 [140165039253056] INFO perfrun.perfcollector <> - DRY_RUN: "reg_type       = 1	event_id       = g	reg_id         = 390	reg_value      = f0000000f"
46 [140165039253056] INFO perfrun.perfcollector <> - eventId: g, skip parsing event_id
46 [140165039253056] INFO perfrun.perfcollector <> - Register was ignored: group_id: 1, reg_type: 1, event_id: 4294967295, reg_id: 390, reg_value: f0000000f, pmu_name: cpu
46 [140165039253056] INFO perfrun.perfcollector <> - DRY_RUN: "reg_type       = 1	event_id       = g	reg_id         = 3f1	reg_value      = f0000000f"
46 [140165039253056] INFO perfrun.perfcollector <> - eventId: g, skip parsing event_id
46 [140165039253056] INFO perfrun.perfcollector <> - Extended PEBS: group_id: 1, reg_type: 1, event_id: 4294967295, reg_id: 3f1, reg_value: f0000000f, pmu_name: cpu
46 [140165039253056] INFO perfrun.perfcollector <> - DRY_RUN: "reg_type       = 1	event_id       = g	reg_id         = 1d9	reg_value      = 1800"
46 [140165039253056] INFO perfrun.perfcollector <> - eventId: g, skip parsing event_id
46 [140165039253056] INFO perfrun.perfcollector <> - Register was ignored: group_id: 1, reg_type: 1, event_id: 4294967295, reg_id: 1d9, reg_value: 1800, pmu_name: cpu
46 [140165039253056] INFO perfrun.perfcollector <> - DRY_RUN: "reg_type       = 1	event_id       = g	reg_id         = 38d	reg_value      = 3333"
46 [140165039253056] INFO perfrun.perfcollector <> - eventId: g, skip parsing event_id
46 [140165039253056] INFO perfrun.perfcollector <> - Register was ignored: group_id: 1, reg_type: 1, event_id: 4294967295, reg_id: 38d, reg_value: 3333, pmu_name: cpu
46 [140165039253056] INFO perfrun.perfcollector <> - DRY_RUN: "reg_type       = 1	event_id       = g	reg_id         = 3f2	reg_value      = 0"
46 [140165039253056] INFO perfrun.perfcollector <> - eventId: g, skip parsing event_id
46 [140165039253056] INFO perfrun.perfcollector <> - Adaptive PEBS: group_id: 1, reg_type: 1, event_id: 4294967295, reg_id: 3f2, reg_value: 0, pmu_name: cpu
46 [140165039253056] INFO perfrun.perfcollector <> - DRY_RUN: "reg_type       = 1	event_id       = 11	reg_id         = 186	reg_value      = 4302c2"
46 [140165039253056] INFO perfrun.perfcollector <> - Event selector: group_id: 1, reg_type: 1, event_id: 11, reg_id: 186, reg_value: 4302c2, pmu_name: cpu
46 [140165039253056] INFO perfrun.perfcollector <> - DRY_RUN: "reg_type       = 1	event_id       = 12	reg_id         = 187	reg_value      = 4301b1"
46 [140165039253056] INFO perfrun.perfcollector <> - Event selector: group_id: 1, reg_type: 1, event_id: 12, reg_id: 187, reg_value: 4301b1, pmu_name: cpu
46 [140165039253056] INFO perfrun.perfcollector <> - DRY_RUN: "reg_type       = 1	event_id       = 13	reg_id         = 188	reg_value      = 4340c7"
46 [140165039253056] INFO perfrun.perfcollector <> - Event selector: group_id: 1, reg_type: 1, event_id: 13, reg_id: 188, reg_value: 4340c7, pmu_name: cpu
46 [140165039253056] INFO perfrun.perfcollector <> - DRY_RUN: "reg_type       = 1	event_id       = 14	reg_id         = 189	reg_value      = 4380c7"
46 [140165039253056] INFO perfrun.perfcollector <> - Event selector: group_id: 1, reg_type: 1, event_id: 14, reg_id: 189, reg_value: 4380c7, pmu_name: cpu
46 [140165039253056] INFO perfrun.perfcollector <> - DRY_RUN: "ESCR"
46 [140165039253056] INFO perfrun.perfcollector <> - DRY_RUN: "reg_type       = 2	event_id       = g	reg_id         = 1c8	reg_value      = 0"
46 [140165039253056] INFO perfrun.perfcollector <> - eventId: g, skip parsing event_id
46 [140165039253056] INFO perfrun.perfcollector <> - DRY_RUN: "DATA"
46 [140165039253056] INFO perfrun.perfcollector <> - DRY_RUN: "reg_type       = 4	event_id       = 2	reg_id         = 309	reg_value      = ffffffd6cd20"
46 [140165039253056] INFO perfrun.perfcollector <> - eventId: 2, dataAddr: 309, dataVal: ffffffd6cd20
46 [140165039253056] INFO perfrun.perfcollector <> - DRY_RUN: "reg_type       = 4	event_id       = 0	reg_id         = 30a	reg_value      = ffffffe17b7d"
46 [140165039253056] INFO perfrun.perfcollector <> - eventId: 0, dataAddr: 30a, dataVal: ffffffe17b7d
46 [140165039253056] INFO perfrun.perfcollector <> - DRY_RUN: "reg_type       = 4	event_id       = 1	reg_id         = 30b	reg_value      = ffffffd6cd20"
46 [140165039253056] INFO perfrun.perfcollector <> - eventId: 1, dataAddr: 30b, dataVal: ffffffd6cd20
46 [140165039253056] INFO perfrun.perfcollector <> - DRY_RUN: "reg_type       = 4	event_id       = 15	reg_id         = 30c	reg_value      = ffffffe17b7d"
46 [140165039253056] INFO perfrun.perfcollector <> - eventId: 15, dataAddr: 30c, dataVal: ffffffe17b7d
46 [140165039253056] INFO perfrun.perfcollector <> - DRY_RUN: "reg_type       = 4	event_id       = 11	reg_id         = c1	reg_value      = ffffffe17b7d"
46 [140165039253056] INFO perfrun.perfcollector <> - eventId: 11, dataAddr: c1, dataVal: ffffffe17b7d
46 [140165039253056] INFO perfrun.perfcollector <> - DRY_RUN: "reg_type       = 4	event_id       = 12	reg_id         = c2	reg_value      = ffffffe17b7d"
46 [140165039253056] INFO perfrun.perfcollector <> - eventId: 12, dataAddr: c2, dataVal: ffffffe17b7d
46 [140165039253056] INFO perfrun.perfcollector <> - DRY_RUN: "reg_type       = 4	event_id       = 13	reg_id         = c3	reg_value      = fffffffe795d"
46 [140165039253056] INFO perfrun.perfcollector <> - eventId: 13, dataAddr: c3, dataVal: fffffffe795d
46 [140165039253056] INFO perfrun.perfcollector <> - DRY_RUN: "reg_type       = 4	event_id       = 14	reg_id         = c4	reg_value      = fffffffe795d"
46 [140165039253056] INFO perfrun.perfcollector <> - eventId: 14, dataAddr: c4, dataVal: fffffffe795d
46 [140165039253056] INFO perfrun.perfcollector <> - event name: CPU_CLK_UNHALTED.THREAD
46 [140165039253056] INFO perfrun.perfcollector <> - pmu config: cpu
46 [140165039253056] INFO perfrun.perfcollector <> - cccrAddr: ffffffff, cccrValue: 0
46 [140165039253056] INFO perfrun.perfcollector <> - dataAddr: 30a, dataValue: ffffffffffe17b7d
46 [140165039253056] INFO perfrun.perfcollector <> - escrAddr: ffffffff, escrValue: 0
46 [140165039253056] INFO perfrun.perfcollector <> - extendedPebsValue: f0000000f
46 [140165039253056] INFO perfrun.perfcollector <> - adaptivePebsAvailable: 1
46 [140165039253056] INFO perfrun.perfcollector <> - config: event: 3c
46 [140165039253056] INFO perfrun.perfcollector <> - config: pc: 0
46 [140165039253056] INFO perfrun.perfcollector <> - config: edge: 0
46 [140165039253056] INFO perfrun.perfcollector <> - config1: offcore_rsp: 0
46 [140165039253056] INFO perfrun.perfcollector <> - config1: ldlat: 0
46 [140165039253056] INFO perfrun.perfcollector <> - config: inv: 0
46 [140165039253056] INFO perfrun.perfcollector <> - config: umask: 0
46 [140165039253056] INFO perfrun.perfcollector <> - config1: frontend: 0
47 [140165039253056] INFO perfrun.perfcollector <> - config: cmask: 0
47 [140165039253056] INFO perfrun.perfcollector <> - precise event: Extended PEBS is enabled for 1th fixed counter
47 [140165039253056] INFO perfrun.perfcollector <> - format: cpu/event=0x3c,name='CPU_CLK_UNHALTED.THREAD'/D
47 [140165039253056] INFO perfrun.perfcollector <> - event name: CPU_CLK_UNHALTED.REF_TSC
47 [140165039253056] INFO perfrun.perfcollector <> - pmu config: cpu
47 [140165039253056] INFO perfrun.perfcollector <> - cccrAddr: ffffffff, cccrValue: 0
47 [140165039253056] INFO perfrun.perfcollector <> - dataAddr: 30b, dataValue: ffffffffffd6cd20
47 [140165039253056] INFO perfrun.perfcollector <> - escrAddr: ffffffff, escrValue: 0
47 [140165039253056] INFO perfrun.perfcollector <> - extendedPebsValue: f0000000f
47 [140165039253056] INFO perfrun.perfcollector <> - adaptivePebsAvailable: 1
47 [140165039253056] INFO perfrun.perfcollector <> - config: event: 0
47 [140165039253056] INFO perfrun.perfcollector <> - config: pc: 0
47 [140165039253056] INFO perfrun.perfcollector <> - config: edge: 0
47 [140165039253056] INFO perfrun.perfcollector <> - config1: offcore_rsp: 0
47 [140165039253056] INFO perfrun.perfcollector <> - config1: ldlat: 0
47 [140165039253056] INFO perfrun.perfcollector <> - config: inv: 0
47 [140165039253056] INFO perfrun.perfcollector <> - config: umask: 3
47 [140165039253056] INFO perfrun.perfcollector <> - config1: frontend: 0
47 [140165039253056] INFO perfrun.perfcollector <> - config: cmask: 0
47 [140165039253056] INFO perfrun.perfcollector <> - precise event: Extended PEBS is enabled for 2th fixed counter
47 [140165039253056] INFO perfrun.perfcollector <> - format: cpu/umask=0x3,name='CPU_CLK_UNHALTED.REF_TSC'/D
47 [140165039253056] INFO perfrun.perfcollector <> - event name: INST_RETIRED.ANY
47 [140165039253056] INFO perfrun.perfcollector <> - pmu config: cpu
47 [140165039253056] INFO perfrun.perfcollector <> - cccrAddr: ffffffff, cccrValue: 0
47 [140165039253056] INFO perfrun.perfcollector <> - dataAddr: 309, dataValue: ffffffffffd6cd20
47 [140165039253056] INFO perfrun.perfcollector <> - escrAddr: ffffffff, escrValue: 0
47 [140165039253056] INFO perfrun.perfcollector <> - extendedPebsValue: f0000000f
47 [140165039253056] INFO perfrun.perfcollector <> - adaptivePebsAvailable: 1
47 [140165039253056] INFO perfrun.perfcollector <> - config: event: c0
47 [140165039253056] INFO perfrun.perfcollector <> - config: pc: 0
47 [140165039253056] INFO perfrun.perfcollector <> - config: edge: 0
47 [140165039253056] INFO perfrun.perfcollector <> - config1: offcore_rsp: 0
47 [140165039253056] INFO perfrun.perfcollector <> - config1: ldlat: 0
47 [140165039253056] INFO perfrun.perfcollector <> - config: inv: 0
47 [140165039253056] INFO perfrun.perfcollector <> - config: umask: 0
47 [140165039253056] INFO perfrun.perfcollector <> - config1: frontend: 0
47 [140165039253056] INFO perfrun.perfcollector <> - config: cmask: 0
47 [140165039253056] INFO perfrun.perfcollector <> - precise event: Extended PEBS is enabled for 0th fixed counter
47 [140165039253056] INFO perfrun.perfcollector <> - format: cpu/event=0xc0,name='INST_RETIRED.ANY'/D
47 [140165039253056] INFO perfrun.perfcollector <> - event name: CPU_CLK_UNHALTED.DISTRIBUTED
47 [140165039253056] INFO perfrun.perfcollector <> - pmu config: cpu
47 [140165039253056] INFO perfrun.perfcollector <> - cccrAddr: 186, cccrValue: 4302ec
47 [140165039253056] INFO perfrun.perfcollector <> - dataAddr: c1, dataValue: ffffffffffe17b7d
47 [140165039253056] INFO perfrun.perfcollector <> - escrAddr: ffffffff, escrValue: 0
47 [140165039253056] INFO perfrun.perfcollector <> - extendedPebsValue: f000000ff
47 [140165039253056] INFO perfrun.perfcollector <> - adaptivePebsAvailable: 1
47 [140165039253056] INFO perfrun.perfcollector <> - config: event: ec
47 [140165039253056] INFO perfrun.perfcollector <> - config: pc: 0
47 [140165039253056] INFO perfrun.perfcollector <> - config: edge: 0
47 [140165039253056] INFO perfrun.perfcollector <> - config1: offcore_rsp: 0
47 [140165039253056] INFO perfrun.perfcollector <> - config1: ldlat: 0
47 [140165039253056] INFO perfrun.perfcollector <> - config: inv: 0
47 [140165039253056] INFO perfrun.perfcollector <> - config: umask: 2
47 [140165039253056] INFO perfrun.perfcollector <> - config1: frontend: 0
47 [140165039253056] INFO perfrun.perfcollector <> - config: cmask: 0
47 [140165039253056] INFO perfrun.perfcollector <> - precise event: config: 2ec, [cccrVal & impreciseMask(0x100000)]: 0
47 [140165039253056] INFO perfrun.perfcollector <> - format: cpu/event=0xec,umask=0x2,name='CPU_CLK_UNHALTED.DISTRIBUTED'/
47 [140165039253056] INFO perfrun.perfcollector <> - event name: FP_ARITH_INST_RETIRED.SCALAR_SINGLE
47 [140165039253056] INFO perfrun.perfcollector <> - pmu config: cpu
47 [140165039253056] INFO perfrun.perfcollector <> - cccrAddr: 187, cccrValue: 4302c7
47 [140165039253056] INFO perfrun.perfcollector <> - dataAddr: c2, dataValue: fffffffffffe795d
47 [140165039253056] INFO perfrun.perfcollector <> - escrAddr: ffffffff, escrValue: 0
47 [140165039253056] INFO perfrun.perfcollector <> - extendedPebsValue: f000000ff
47 [140165039253056] INFO perfrun.perfcollector <> - adaptivePebsAvailable: 1
47 [140165039253056] INFO perfrun.perfcollector <> - config: event: c7
47 [140165039253056] INFO perfrun.perfcollector <> - config: pc: 0
47 [140165039253056] INFO perfrun.perfcollector <> - config: edge: 0
47 [140165039253056] INFO perfrun.perfcollector <> - config1: offcore_rsp: 0
47 [140165039253056] INFO perfrun.perfcollector <> - config1: ldlat: 0
47 [140165039253056] INFO perfrun.perfcollector <> - config: inv: 0
47 [140165039253056] INFO perfrun.perfcollector <> - config: umask: 2
47 [140165039253056] INFO perfrun.perfcollector <> - config1: frontend: 0
47 [140165039253056] INFO perfrun.perfcollector <> - config: cmask: 0
47 [140165039253056] INFO perfrun.perfcollector <> - precise event: config: 2c7, [cccrVal & impreciseMask(0x100000)]: 0
47 [140165039253056] INFO perfrun.perfcollector <> - format: cpu/event=0xc7,umask=0x2,name='FP_ARITH_INST_RETIRED.SCALAR_SINGLE'/
47 [140165039253056] INFO perfrun.perfcollector <> - event name: FP_ARITH_INST_RETIRED.128B_PACKED_SINGLE
47 [140165039253056] INFO perfrun.perfcollector <> - pmu config: cpu
47 [140165039253056] INFO perfrun.perfcollector <> - cccrAddr: 188, cccrValue: 4308c7
47 [140165039253056] INFO perfrun.perfcollector <> - dataAddr: c3, dataValue: fffffffffffe795d
47 [140165039253056] INFO perfrun.perfcollector <> - escrAddr: ffffffff, escrValue: 0
47 [140165039253056] INFO perfrun.perfcollector <> - extendedPebsValue: f000000ff
47 [140165039253056] INFO perfrun.perfcollector <> - adaptivePebsAvailable: 1
47 [140165039253056] INFO perfrun.perfcollector <> - config: event: c7
47 [140165039253056] INFO perfrun.perfcollector <> - config: pc: 0
47 [140165039253056] INFO perfrun.perfcollector <> - config: edge: 0
47 [140165039253056] INFO perfrun.perfcollector <> - config1: offcore_rsp: 0
47 [140165039253056] INFO perfrun.perfcollector <> - config1: ldlat: 0
47 [140165039253056] INFO perfrun.perfcollector <> - config: inv: 0
47 [140165039253056] INFO perfrun.perfcollector <> - config: umask: 8
47 [140165039253056] INFO perfrun.perfcollector <> - config1: frontend: 0
47 [140165039253056] INFO perfrun.perfcollector <> - config: cmask: 0
47 [140165039253056] INFO perfrun.perfcollector <> - precise event: config: 8c7, [cccrVal & impreciseMask(0x100000)]: 0
47 [140165039253056] INFO perfrun.perfcollector <> - format: cpu/event=0xc7,umask=0x8,name='FP_ARITH_INST_RETIRED.128B_PACKED_SINGLE'/
47 [140165039253056] INFO perfrun.perfcollector <> - event name: FP_ARITH_INST_RETIRED.256B_PACKED_SINGLE
47 [140165039253056] INFO perfrun.perfcollector <> - pmu config: cpu
47 [140165039253056] INFO perfrun.perfcollector <> - cccrAddr: 189, cccrValue: 4320c7
47 [140165039253056] INFO perfrun.perfcollector <> - dataAddr: c4, dataValue: fffffffffffe795d
47 [140165039253056] INFO perfrun.perfcollector <> - escrAddr: ffffffff, escrValue: 0
47 [140165039253056] INFO perfrun.perfcollector <> - extendedPebsValue: f000000ff
47 [140165039253056] INFO perfrun.perfcollector <> - adaptivePebsAvailable: 1
47 [140165039253056] INFO perfrun.perfcollector <> - config: event: c7
47 [140165039253056] INFO perfrun.perfcollector <> - config: pc: 0
47 [140165039253056] INFO perfrun.perfcollector <> - config: edge: 0
47 [140165039253056] INFO perfrun.perfcollector <> - config1: offcore_rsp: 0
47 [140165039253056] INFO perfrun.perfcollector <> - config1: ldlat: 0
47 [140165039253056] INFO perfrun.perfcollector <> - config: inv: 0
47 [140165039253056] INFO perfrun.perfcollector <> - config: umask: 20
47 [140165039253056] INFO perfrun.perfcollector <> - config1: frontend: 0
47 [140165039253056] INFO perfrun.perfcollector <> - config: cmask: 0
47 [140165039253056] INFO perfrun.perfcollector <> - precise event: config: 20c7, [cccrVal & impreciseMask(0x100000)]: 0
47 [140165039253056] INFO perfrun.perfcollector <> - format: cpu/event=0xc7,umask=0x20,name='FP_ARITH_INST_RETIRED.256B_PACKED_SINGLE'/
47 [140165039253056] INFO perfrun.perfcollector <> - event name: FP_ARITH_INST_RETIRED.SCALAR_DOUBLE
47 [140165039253056] INFO perfrun.perfcollector <> - pmu config: cpu
47 [140165039253056] INFO perfrun.perfcollector <> - cccrAddr: 18a, cccrValue: 4301c7
47 [140165039253056] INFO perfrun.perfcollector <> - dataAddr: c5, dataValue: fffffffffffe795d
47 [140165039253056] INFO perfrun.perfcollector <> - escrAddr: ffffffff, escrValue: 0
47 [140165039253056] INFO perfrun.perfcollector <> - extendedPebsValue: f000000ff
47 [140165039253056] INFO perfrun.perfcollector <> - adaptivePebsAvailable: 1
47 [140165039253056] INFO perfrun.perfcollector <> - config: event: c7
47 [140165039253056] INFO perfrun.perfcollector <> - config: pc: 0
47 [140165039253056] INFO perfrun.perfcollector <> - config: edge: 0
47 [140165039253056] INFO perfrun.perfcollector <> - config1: offcore_rsp: 0
47 [140165039253056] INFO perfrun.perfcollector <> - config1: ldlat: 0
47 [140165039253056] INFO perfrun.perfcollector <> - config: inv: 0
47 [140165039253056] INFO perfrun.perfcollector <> - config: umask: 1
47 [140165039253056] INFO perfrun.perfcollector <> - config1: frontend: 0
47 [140165039253056] INFO perfrun.perfcollector <> - config: cmask: 0
47 [140165039253056] INFO perfrun.perfcollector <> - precise event: config: 1c7, [cccrVal & impreciseMask(0x100000)]: 0
47 [140165039253056] INFO perfrun.perfcollector <> - format: cpu/event=0xc7,umask=0x1,name='FP_ARITH_INST_RETIRED.SCALAR_DOUBLE'/
47 [140165039253056] INFO perfrun.perfcollector <> - event name: FP_ARITH_INST_RETIRED.128B_PACKED_DOUBLE
47 [140165039253056] INFO perfrun.perfcollector <> - pmu config: cpu
47 [140165039253056] INFO perfrun.perfcollector <> - cccrAddr: 18b, cccrValue: 4304c7
47 [140165039253056] INFO perfrun.perfcollector <> - dataAddr: c6, dataValue: fffffffffffe795d
47 [140165039253056] INFO perfrun.perfcollector <> - escrAddr: ffffffff, escrValue: 0
47 [140165039253056] INFO perfrun.perfcollector <> - extendedPebsValue: f000000ff
47 [140165039253056] INFO perfrun.perfcollector <> - adaptivePebsAvailable: 1
47 [140165039253056] INFO perfrun.perfcollector <> - config: event: c7
47 [140165039253056] INFO perfrun.perfcollector <> - config: pc: 0
47 [140165039253056] INFO perfrun.perfcollector <> - config: edge: 0
47 [140165039253056] INFO perfrun.perfcollector <> - config1: offcore_rsp: 0
47 [140165039253056] INFO perfrun.perfcollector <> - config1: ldlat: 0
47 [140165039253056] INFO perfrun.perfcollector <> - config: inv: 0
47 [140165039253056] INFO perfrun.perfcollector <> - config: umask: 4
47 [140165039253056] INFO perfrun.perfcollector <> - config1: frontend: 0
47 [140165039253056] INFO perfrun.perfcollector <> - config: cmask: 0
47 [140165039253056] INFO perfrun.perfcollector <> - precise event: config: 4c7, [cccrVal & impreciseMask(0x100000)]: 0
47 [140165039253056] INFO perfrun.perfcollector <> - format: cpu/event=0xc7,umask=0x4,name='FP_ARITH_INST_RETIRED.128B_PACKED_DOUBLE'/
47 [140165039253056] INFO perfrun.perfcollector <> - event name: FP_ARITH_INST_RETIRED.256B_PACKED_DOUBLE
47 [140165039253056] INFO perfrun.perfcollector <> - pmu config: cpu
47 [140165039253056] INFO perfrun.perfcollector <> - cccrAddr: 18c, cccrValue: 4310c7
47 [140165039253056] INFO perfrun.perfcollector <> - dataAddr: c7, dataValue: fffffffffffe795d
47 [140165039253056] INFO perfrun.perfcollector <> - escrAddr: ffffffff, escrValue: 0
47 [140165039253056] INFO perfrun.perfcollector <> - extendedPebsValue: f000000ff
47 [140165039253056] INFO perfrun.perfcollector <> - adaptivePebsAvailable: 1
47 [140165039253056] INFO perfrun.perfcollector <> - config: event: c7
47 [140165039253056] INFO perfrun.perfcollector <> - config: pc: 0
47 [140165039253056] INFO perfrun.perfcollector <> - config: edge: 0
47 [140165039253056] INFO perfrun.perfcollector <> - config1: offcore_rsp: 0
47 [140165039253056] INFO perfrun.perfcollector <> - config1: ldlat: 0
47 [140165039253056] INFO perfrun.perfcollector <> - config: inv: 0
47 [140165039253056] INFO perfrun.perfcollector <> - config: umask: 10
47 [140165039253056] INFO perfrun.perfcollector <> - config1: frontend: 0
47 [140165039253056] INFO perfrun.perfcollector <> - config: cmask: 0
47 [140165039253056] INFO perfrun.perfcollector <> - precise event: config: 10c7, [cccrVal & impreciseMask(0x100000)]: 0
47 [140165039253056] INFO perfrun.perfcollector <> - format: cpu/event=0xc7,umask=0x10,name='FP_ARITH_INST_RETIRED.256B_PACKED_DOUBLE'/
47 [140165039253056] INFO perfrun.perfcollector <> - event name: UOPS_EXECUTED.X87
47 [140165039253056] INFO perfrun.perfcollector <> - pmu config: cpu
47 [140165039253056] INFO perfrun.perfcollector <> - cccrAddr: 18d, cccrValue: 4310b1
47 [140165039253056] INFO perfrun.perfcollector <> - dataAddr: c8, dataValue: ffffffffffe17b7d
47 [140165039253056] INFO perfrun.perfcollector <> - escrAddr: ffffffff, escrValue: 0
47 [140165039253056] INFO perfrun.perfcollector <> - extendedPebsValue: f000000ff
47 [140165039253056] INFO perfrun.perfcollector <> - adaptivePebsAvailable: 1
47 [140165039253056] INFO perfrun.perfcollector <> - config: event: b1
47 [140165039253056] INFO perfrun.perfcollector <> - config: pc: 0
47 [140165039253056] INFO perfrun.perfcollector <> - config: edge: 0
47 [140165039253056] INFO perfrun.perfcollector <> - config1: offcore_rsp: 0
47 [140165039253056] INFO perfrun.perfcollector <> - config1: ldlat: 0
47 [140165039253056] INFO perfrun.perfcollector <> - config: inv: 0
47 [140165039253056] INFO perfrun.perfcollector <> - config: umask: 10
47 [140165039253056] INFO perfrun.perfcollector <> - config1: frontend: 0
47 [140165039253056] INFO perfrun.perfcollector <> - config: cmask: 0
47 [140165039253056] INFO perfrun.perfcollector <> - precise event: config: 10b1, [cccrVal & impreciseMask(0x100000)]: 0
47 [140165039253056] INFO perfrun.perfcollector <> - format: cpu/event=0xb1,umask=0x10,name='UOPS_EXECUTED.X87'/
47 [140165039253056] INFO perfrun.perfcollector <> - event name: UOPS_RETIRED.SLOTS
47 [140165039253056] INFO perfrun.perfcollector <> - pmu config: cpu
47 [140165039253056] INFO perfrun.perfcollector <> - cccrAddr: 186, cccrValue: 4302c2
47 [140165039253056] INFO perfrun.perfcollector <> - dataAddr: c1, dataValue: ffffffffffe17b7d
47 [140165039253056] INFO perfrun.perfcollector <> - escrAddr: ffffffff, escrValue: 0
47 [140165039253056] INFO perfrun.perfcollector <> - extendedPebsValue: f0000000f
47 [140165039253056] INFO perfrun.perfcollector <> - adaptivePebsAvailable: 1
47 [140165039253056] INFO perfrun.perfcollector <> - config: event: c2
47 [140165039253056] INFO perfrun.perfcollector <> - config: pc: 0
47 [140165039253056] INFO perfrun.perfcollector <> - config: edge: 0
47 [140165039253056] INFO perfrun.perfcollector <> - config1: offcore_rsp: 0
47 [140165039253056] INFO perfrun.perfcollector <> - config1: ldlat: 0
47 [140165039253056] INFO perfrun.perfcollector <> - config: inv: 0
47 [140165039253056] INFO perfrun.perfcollector <> - config: umask: 2
47 [140165039253056] INFO perfrun.perfcollector <> - config1: frontend: 0
47 [140165039253056] INFO perfrun.perfcollector <> - config: cmask: 0
47 [140165039253056] INFO perfrun.perfcollector <> - precise event: config: 2c2, [cccrVal & impreciseMask(0x100000)]: 0
47 [140165039253056] INFO perfrun.perfcollector <> - format: cpu/event=0xc2,umask=0x2,name='UOPS_RETIRED.SLOTS'/
47 [140165039253056] INFO perfrun.perfcollector <> - event name: UOPS_EXECUTED.THREAD
47 [140165039253056] INFO perfrun.perfcollector <> - pmu config: cpu
47 [140165039253056] INFO perfrun.perfcollector <> - cccrAddr: 187, cccrValue: 4301b1
47 [140165039253056] INFO perfrun.perfcollector <> - dataAddr: c2, dataValue: ffffffffffe17b7d
47 [140165039253056] INFO perfrun.perfcollector <> - escrAddr: ffffffff, escrValue: 0
47 [140165039253056] INFO perfrun.perfcollector <> - extendedPebsValue: f0000000f
47 [140165039253056] INFO perfrun.perfcollector <> - adaptivePebsAvailable: 1
47 [140165039253056] INFO perfrun.perfcollector <> - config: event: b1
47 [140165039253056] INFO perfrun.perfcollector <> - config: pc: 0
47 [140165039253056] INFO perfrun.perfcollector <> - config: edge: 0
47 [140165039253056] INFO perfrun.perfcollector <> - config1: offcore_rsp: 0
47 [140165039253056] INFO perfrun.perfcollector <> - config1: ldlat: 0
47 [140165039253056] INFO perfrun.perfcollector <> - config: inv: 0
47 [140165039253056] INFO perfrun.perfcollector <> - config: umask: 1
47 [140165039253056] INFO perfrun.perfcollector <> - config1: frontend: 0
47 [140165039253056] INFO perfrun.perfcollector <> - config: cmask: 0
47 [140165039253056] INFO perfrun.perfcollector <> - precise event: config: 1b1, [cccrVal & impreciseMask(0x100000)]: 0
47 [140165039253056] INFO perfrun.perfcollector <> - format: cpu/event=0xb1,umask=0x1,name='UOPS_EXECUTED.THREAD'/
47 [140165039253056] INFO perfrun.perfcollector <> - event name: FP_ARITH_INST_RETIRED.512B_PACKED_DOUBLE
47 [140165039253056] INFO perfrun.perfcollector <> - pmu config: cpu
47 [140165039253056] INFO perfrun.perfcollector <> - cccrAddr: 188, cccrValue: 4340c7
47 [140165039253056] INFO perfrun.perfcollector <> - dataAddr: c3, dataValue: fffffffffffe795d
47 [140165039253056] INFO perfrun.perfcollector <> - escrAddr: ffffffff, escrValue: 0
47 [140165039253056] INFO perfrun.perfcollector <> - extendedPebsValue: f0000000f
47 [140165039253056] INFO perfrun.perfcollector <> - adaptivePebsAvailable: 1
47 [140165039253056] INFO perfrun.perfcollector <> - config: event: c7
47 [140165039253056] INFO perfrun.perfcollector <> - config: pc: 0
47 [140165039253056] INFO perfrun.perfcollector <> - config: edge: 0
47 [140165039253056] INFO perfrun.perfcollector <> - config1: offcore_rsp: 0
47 [140165039253056] INFO perfrun.perfcollector <> - config1: ldlat: 0
47 [140165039253056] INFO perfrun.perfcollector <> - config: inv: 0
47 [140165039253056] INFO perfrun.perfcollector <> - config: umask: 40
47 [140165039253056] INFO perfrun.perfcollector <> - config1: frontend: 0
47 [140165039253056] INFO perfrun.perfcollector <> - config: cmask: 0
47 [140165039253056] INFO perfrun.perfcollector <> - precise event: config: 40c7, [cccrVal & impreciseMask(0x100000)]: 0
47 [140165039253056] INFO perfrun.perfcollector <> - format: cpu/event=0xc7,umask=0x40,name='FP_ARITH_INST_RETIRED.512B_PACKED_DOUBLE'/
47 [140165039253056] INFO perfrun.perfcollector <> - event name: FP_ARITH_INST_RETIRED.512B_PACKED_SINGLE
47 [140165039253056] INFO perfrun.perfcollector <> - pmu config: cpu
47 [140165039253056] INFO perfrun.perfcollector <> - cccrAddr: 189, cccrValue: 4380c7
47 [140165039253056] INFO perfrun.perfcollector <> - dataAddr: c4, dataValue: fffffffffffe795d
47 [140165039253056] INFO perfrun.perfcollector <> - escrAddr: ffffffff, escrValue: 0
47 [140165039253056] INFO perfrun.perfcollector <> - extendedPebsValue: f0000000f
47 [140165039253056] INFO perfrun.perfcollector <> - adaptivePebsAvailable: 1
47 [140165039253056] INFO perfrun.perfcollector <> - config: event: c7
47 [140165039253056] INFO perfrun.perfcollector <> - config: pc: 0
47 [140165039253056] INFO perfrun.perfcollector <> - config: edge: 0
47 [140165039253056] INFO perfrun.perfcollector <> - config1: offcore_rsp: 0
47 [140165039253056] INFO perfrun.perfcollector <> - config1: ldlat: 0
47 [140165039253056] INFO perfrun.perfcollector <> - config: inv: 0
47 [140165039253056] INFO perfrun.perfcollector <> - config: umask: 80
47 [140165039253056] INFO perfrun.perfcollector <> - config1: frontend: 0
47 [140165039253056] INFO perfrun.perfcollector <> - config: cmask: 0
47 [140165039253056] INFO perfrun.perfcollector <> - precise event: config: 80c7, [cccrVal & impreciseMask(0x100000)]: 0
47 [140165039253056] INFO perfrun.perfcollector <> - format: cpu/event=0xc7,umask=0x80,name='FP_ARITH_INST_RETIRED.512B_PACKED_SINGLE'/
47 [140165039253056] INFO perfrun.perfcollector <> - event name: TOPDOWN.SLOTS
47 [140165039253056] INFO perfrun.perfcollector <> - pmu config: cpu
47 [140165039253056] INFO perfrun.perfcollector <> - cccrAddr: ffffffff, cccrValue: 0
47 [140165039253056] INFO perfrun.perfcollector <> - dataAddr: 30c, dataValue: ffffffffffe17b7d
47 [140165039253056] INFO perfrun.perfcollector <> - escrAddr: ffffffff, escrValue: 0
47 [140165039253056] INFO perfrun.perfcollector <> - extendedPebsValue: f0000000f
47 [140165039253056] INFO perfrun.perfcollector <> - adaptivePebsAvailable: 1
47 [140165039253056] INFO perfrun.perfcollector <> - config: event: 0
47 [140165039253056] INFO perfrun.perfcollector <> - config: pc: 0
47 [140165039253056] INFO perfrun.perfcollector <> - config: edge: 0
47 [140165039253056] INFO perfrun.perfcollector <> - config1: offcore_rsp: 0
47 [140165039253056] INFO perfrun.perfcollector <> - config1: ldlat: 0
47 [140165039253056] INFO perfrun.perfcollector <> - config: inv: 0
47 [140165039253056] INFO perfrun.perfcollector <> - config: umask: 4
47 [140165039253056] INFO perfrun.perfcollector <> - config1: frontend: 0
47 [140165039253056] INFO perfrun.perfcollector <> - config: cmask: 0
47 [140165039253056] INFO perfrun.perfcollector <> - precise event: Extended PEBS is enabled for 3th fixed counter
47 [140165039253056] INFO perfrun.perfcollector <> - format: cpu/umask=0x4,name='TOPDOWN.SLOTS'/D
47 [140165039253056] INFO perfrun.perfcollector <> - event: cpu/event=0x3c,name='CPU_CLK_UNHALTED.THREAD'/Duk, added for counting
47 [140165039253056] INFO perfrun.perfcollector <> - event: cpu/umask=0x3,name='CPU_CLK_UNHALTED.REF_TSC'/Duk, added for counting
47 [140165039253056] INFO perfrun.perfcollector <> - event: cpu/event=0xc0,name='INST_RETIRED.ANY'/Duk, added for counting
47 [140165039253056] INFO perfrun.perfcollector <> - event: cpu/event=0xec,umask=0x2,name='CPU_CLK_UNHALTED.DISTRIBUTED'/uk, added for counting
47 [140165039253056] INFO perfrun.perfcollector <> - event: cpu/event=0xc7,umask=0x2,name='FP_ARITH_INST_RETIRED.SCALAR_SINGLE'/uk, added for counting
47 [140165039253056] INFO perfrun.perfcollector <> - event: cpu/event=0xc7,umask=0x8,name='FP_ARITH_INST_RETIRED.128B_PACKED_SINGLE'/uk, added for counting
47 [140165039253056] INFO perfrun.perfcollector <> - event: cpu/event=0xc7,umask=0x20,name='FP_ARITH_INST_RETIRED.256B_PACKED_SINGLE'/uk, added for counting
47 [140165039253056] INFO perfrun.perfcollector <> - event: cpu/event=0xc7,umask=0x1,name='FP_ARITH_INST_RETIRED.SCALAR_DOUBLE'/uk, added for counting
47 [140165039253056] INFO perfrun.perfcollector <> - event: cpu/event=0xc7,umask=0x4,name='FP_ARITH_INST_RETIRED.128B_PACKED_DOUBLE'/uk, added for counting
47 [140165039253056] INFO perfrun.perfcollector <> - event: cpu/event=0xc7,umask=0x10,name='FP_ARITH_INST_RETIRED.256B_PACKED_DOUBLE'/uk, added for counting
47 [140165039253056] INFO perfrun.perfcollector <> - event: cpu/event=0xb1,umask=0x10,name='UOPS_EXECUTED.X87'/uk, added for counting
47 [140165039253056] INFO perfrun.perfcollector <> - event: cpu/event=0xc2,umask=0x2,name='UOPS_RETIRED.SLOTS'/uk, added for counting
47 [140165039253056] INFO perfrun.perfcollector <> - event: cpu/event=0xb1,umask=0x1,name='UOPS_EXECUTED.THREAD'/uk, added for counting
47 [140165039253056] INFO perfrun.perfcollector <> - event: cpu/event=0xc7,umask=0x40,name='FP_ARITH_INST_RETIRED.512B_PACKED_DOUBLE'/uk, added for counting
47 [140165039253056] INFO perfrun.perfcollector <> - event: cpu/event=0xc7,umask=0x80,name='FP_ARITH_INST_RETIRED.512B_PACKED_SINGLE'/uk, added for counting
47 [140165039253056] INFO perfrun.perfcollector <> - event: cpu/umask=0x4,name='TOPDOWN.SLOTS'/Duk, added for counting
47 [140165039253056] INFO perfrun.perfcollector <> - attaching to pid: 4294967295, collect mode: 1, rc modes: 3
47 [140165030860352] WARN perfrun.perfcollector <> - Perf stat trace pipe capacity: read = 1048576, write = 1048576, at file: vcs/perfrun1/plugins/perfcollector/src/profiler.cpp:765
47 [140165030860352] INFO perfrun.sdk <> - runCmd: /opt/intel/oneapi/vtune/2023.2.0/bin64/amplxe-perf stat -v --log-fd 9 --scale -x ; -e cpu/event=0x3c,name='CPU_CLK_UNHALTED.THREAD'/Duk,cpu/umask=0x3,name='CPU_CLK_UNHALTED.REF_TSC'/Duk,cpu/event=0xc0,name='INST_RETIRED.ANY'/Duk,cpu/event=0xec,umask=0x2,name='CPU_CLK_UNHALTED.DISTRIBUTED'/uk,cpu/event=0xc7,umask=0x2,name='FP_ARITH_INST_RETIRED.SCALAR_SINGLE'/uk,cpu/event=0xc7,umask=0x8,name='FP_ARITH_INST_RETIRED.128B_PACKED_SINGLE'/uk,cpu/event=0xc7,umask=0x20,name='FP_ARITH_INST_RETIRED.256B_PACKED_SINGLE'/uk,cpu/event=0xc7,umask=0x1,name='FP_ARITH_INST_RETIRED.SCALAR_DOUBLE'/uk,cpu/event=0xc7,umask=0x4,name='FP_ARITH_INST_RETIRED.128B_PACKED_DOUBLE'/uk,cpu/event=0xc7,umask=0x10,name='FP_ARITH_INST_RETIRED.256B_PACKED_DOUBLE'/uk,cpu/event=0xb1,umask=0x10,name='UOPS_EXECUTED.X87'/uk,cpu/event=0xc2,umask=0x2,name='UOPS_RETIRED.SLOTS'/uk,cpu/event=0xb1,umask=0x1,name='UOPS_EXECUTED.THREAD'/uk,cpu/event=0xc7,umask=0x40,name='FP_ARITH_INST_RETIRED.512B_PACKED_DOUBLE'/uk,cpu/event=0xc7,umask=0x80,name='FP_ARITH_INST_RETIRED.512B_PACKED_SINGLE'/uk,cpu/umask=0x4,name='TOPDOWN.SLOTS'/Duk /opt/intel/oneapi/vtune/2023.2.0/bin64/amplxe-perf-sync dryrun tsc
48 [140165030860352] INFO perfrun.sdk <> - runCmd started PID 31275
95 [140165030860352] INFO perfrun.perfcollector <> - Monitor: runCmd RC = true
95 [140165039253056] INFO perfrun.launcher <> - plugin [aoclprofile] was disabled because it doesn't support the given collection type.
95 [140165039253056] INFO perfrun.tpss <> - initialize tpss controller
96 [140165039253056] INFO perfrun.tpss <> - configure collection mode: value = cpu:counters:nostack
96 [140165039253056] INFO perfrun.tpss <> - configure collection mode: value = cpu:stack
96 [140165039253056] INFO perfrun.tpss <> - default obj-size-min=1024
96 [140165039253056] INFO perfrun.tpss <> - default hash-table-size=0
96 [140165039253056] INFO perfrun.launcher <> - plugin [media] was disabled because it doesn't support the given collection type.
96 [140165039253056] INFO perfrun.launcher <> - plugin [] was disabled because it doesn't support the given collection type.
96 [140165039253056] INFO perfrun.launcher <> - plugin [] was disabled because it doesn't support the given collection type.
96 [140165039253056] INFO perfrun.launcher <> - plugin [parallelfs] was disabled because it doesn't support the given collection type.
96 [140165039253056] INFO perfrun.launcher <> - plugin [power] was disabled because it doesn't support the given collection type.
96 [140165039253056] INFO perfrun.launcher <> - plugin [hwloc] was disabled because it doesn't support the given collection type.
96 [140165039253056] INFO perfrun.launcher <> - plugin [ipmwatch] was disabled because it doesn't support the given collection type.
96 [140165039253056] INFO perfrun.launcher <> - plugin [os_counters] was disabled because it doesn't support the given collection type.
96 [140165039253056] INFO perfrun.launcher <> - plugin [l0_metrics] was disabled because it doesn't support the given collection type.
96 [140165192725952] INFO perfrun.launcher <> - set environment variable: LD_LIBRARY_PATH = /opt/intel/oneapi/vtune/2023.2.0/lib32/runtime:/opt/intel/oneapi/vtune/2023.2.0/lib64/runtime:/opt/intel/oneapi/tbb/2021.10.0/env/../lib/intel64/gcc4.8:/opt/intel/oneapi/mpi/2021.10.0//libfabric/lib:/opt/intel/oneapi/mpi/2021.10.0//lib/release:/opt/intel/oneapi/mpi/2021.10.0//lib:/opt/intel/oneapi/mkl/2023.2.0/lib/intel64:/opt/intel/oneapi/itac/2021.10.0/slib:/opt/intel/oneapi/ipp/2021.9.0/lib/intel64:/opt/intel/oneapi/ippcp/2021.8.0/lib/intel64:/opt/intel/oneapi/ipp/2021.9.0/lib/intel64:/opt/intel/oneapi/dnnl/2023.2.0/cpu_dpcpp_gpu_dpcpp/lib:/opt/intel/oneapi/debugger/2023.2.0/gdb/intel64/lib:/opt/intel/oneapi/debugger/2023.2.0/libipt/intel64/lib:/opt/intel/oneapi/debugger/2023.2.0/dep/lib:/opt/intel/oneapi/dal/2023.2.0/lib/intel64:/opt/intel/oneapi/compiler/2023.2.0/linux/lib:/opt/intel/oneapi/compiler/2023.2.0/linux/lib/x64:/opt/intel/oneapi/compiler/2023.2.0/linux/lib/oclfpga/host/linux64/lib:/opt/intel/oneapi/compiler/2023.2.0/linux/compiler/lib/intel64_lin:/opt/intel/oneapi/ccl/2021.10.0/lib/cpu_gpu_dpcpp:/opt/intel/oneapi/compiler/2023.2.0/linux/compiler/lib/intel64_lin:/opt/intel/oneapi/ccl/2021.10.0/lib/cpu_gpu_dpcpp
96 [140165192725952] INFO perfrun.launcher <> - set environment variable: INTEL_LIBITTNOTIFY32 = /opt/intel/oneapi/vtune/2023.2.0/lib32/runtime/libittnotify_collector.so
96 [140165192725952] INFO perfrun.launcher <> - set environment variable: INTEL_LIBITTNOTIFY64 = /opt/intel/oneapi/vtune/2023.2.0/lib64/runtime/libittnotify_collector.so
96 [140165192725952] INFO perfrun.launcher <> - set environment variable: INTEL_ITTNOTIFY_GROUPS = 
96 [140165192725952] INFO perfrun.launcher <> - set environment variable: INTEL_JIT_PROFILER32 = /opt/intel/oneapi/vtune/2023.2.0/lib32/runtime/libittnotify_collector.so
96 [140165192725952] INFO perfrun.launcher <> - set environment variable: INTEL_JIT_PROFILER64 = /opt/intel/oneapi/vtune/2023.2.0/lib64/runtime/libittnotify_collector.so
96 [140165192725952] INFO perfrun.launcher <> - set environment variable: ENABLE_JITPROFILING = 1
96 [140165192725952] INFO perfrun.launcher <> - set environment variable: CL_CONFIG_USE_VTUNE = True
96 [140165192725952] INFO perfrun.launcher <> - set environment variable: KMP_FORKJOIN_FRAMES = 0
96 [140165192725952] INFO perfrun.launcher <> - set environment variable: KMP_FORKJOIN_FRAMES_MODE = 0
96 [140165192725952] INFO perfrun.launcher <> - set environment variable: INTEL_MRTE_DATA_DIR = /home/ashen/Documents/Software_Analysis-git/Mid/mid/r001hs/data.0
96 [140165192725952] INFO perfrun.launcher <> - set environment variable: INTEL_MRTE_HOST_NAME = Stephanie-Lin
96 [140165192725952] INFO perfrun.launcher <> - set environment variable: JAVA_TOOL_OPTIONS = -agentlib:amplxe_tpssmrte_javaprof_1.0 -Dsun.boot.library.path=/opt/intel/oneapi/vtune/2023.2.0/lib32/runtime:/opt/intel/oneapi/vtune/2023.2.0/lib64/runtime
96 [140165192725952] INFO perfrun.launcher <> - set environment variable: LD_LIBRARY_PATH = /opt/intel/oneapi/vtune/2023.2.0/lib32/runtime:/opt/intel/oneapi/vtune/2023.2.0/lib64/runtime:/opt/intel/oneapi/tbb/2021.10.0/env/../lib/intel64/gcc4.8:/opt/intel/oneapi/mpi/2021.10.0//libfabric/lib:/opt/intel/oneapi/mpi/2021.10.0//lib/release:/opt/intel/oneapi/mpi/2021.10.0//lib:/opt/intel/oneapi/mkl/2023.2.0/lib/intel64:/opt/intel/oneapi/itac/2021.10.0/slib:/opt/intel/oneapi/ipp/2021.9.0/lib/intel64:/opt/intel/oneapi/ippcp/2021.8.0/lib/intel64:/opt/intel/oneapi/ipp/2021.9.0/lib/intel64:/opt/intel/oneapi/dnnl/2023.2.0/cpu_dpcpp_gpu_dpcpp/lib:/opt/intel/oneapi/debugger/2023.2.0/gdb/intel64/lib:/opt/intel/oneapi/debugger/2023.2.0/libipt/intel64/lib:/opt/intel/oneapi/debugger/2023.2.0/dep/lib:/opt/intel/oneapi/dal/2023.2.0/lib/intel64:/opt/intel/oneapi/compiler/2023.2.0/linux/lib:/opt/intel/oneapi/compiler/2023.2.0/linux/lib/x64:/opt/intel/oneapi/compiler/2023.2.0/linux/lib/oclfpga/host/linux64/lib:/opt/intel/oneapi/compiler/2023.2.0/linux/compiler/lib/intel64_lin:/opt/intel/oneapi/ccl/2021.10.0/lib/cpu_gpu_dpcpp:/opt/intel/oneapi/compiler/2023.2.0/linux/compiler/lib/intel64_lin:/opt/intel/oneapi/ccl/2021.10.0/lib/cpu_gpu_dpcpp
96 [140165192725952] INFO perfrun.launcher <> - set environment variable: CORECLR_ENABLE_PROFILING = 1
96 [140165192725952] INFO perfrun.launcher <> - set environment variable: CORECLR_PROFILER = {AA5E4821-E3B1-479c-B7FF-5AD047D22CED}
96 [140165192725952] INFO perfrun.launcher <> - set environment variable: CORECLR_PROFILER_PATH = /opt/intel/oneapi/vtune/2023.2.0/lib64/libamplxe_samplingmrte_clrprof_1.0.so
96 [140165192725952] INFO perfrun.launcher <> - set environment variable: INTEL_MRTE_PROFILER_MODE = mixed
96 [140165192725952] INFO perfrun.launcher <> - RpcServer: run RPC server to handle requests
96 [140165192725952] INFO perfrun.launcher <> - Launcher: command line to start before modification = /home/ashen/Documents/Software_Analysis-git/Mid/pris.exe 1 4000000
96 [140165192725952] INFO perfrun.launcher <> - Launcher: command line to start after modification = /opt/intel/oneapi/vtune/2023.2.0/bin64/pin -error_file /home/ashen/Documents/Software_Analysis-git/Mid/mid/r001hs/data.0/pinerr.tpsslog -detach_reattach -follow_execv -tool_load_option deepbind -t64 /opt/intel/oneapi/vtune/2023.2.0/lib64/libtpsstool.so -t /opt/intel/oneapi/vtune/2023.2.0/lib32/libtpsstool.so -server_name tpss_ipc.31268 -prd_dir /opt/intel/oneapi/vtune/2023.2.0 -- /home/ashen/Documents/Software_Analysis-git/Mid/pris.exe 1 4000000
96 [140165192725952] INFO perfrun.launcher <> - ProcessCreator object was created
97 [140165192725952] INFO perfrun.launcher <> - Launcher: the process was started in suspend mode
98 [140165039253056] WARN perfrun.system <> - Could not do anything with /sys/kernel/debug/kvm: boost::filesystem::status: Permission denied: "/sys/kernel/debug/kvm", at file: vcs/perfrun1/plugins/system/src/trace_writer.cpp:787
98 [140165039253056] WARN perfrun.system <> - Folder "/var/run/libvirt/qemu/"doesn't exist, at file: vcs/perfrun1/plugins/system/src/trace_writer.cpp:800
98 [140165039253056] WARN perfrun.sdk <> - Failed to find xl binary on any of the system paths: /bin, /sbin, /usr/bin, /usr/sbin., at file: vcs/perfrun1/sdk/src/utils.cpp:204
98 [140165039253056] WARN perfrun.system <> - Could not start ContainerMapping collector, at file: vcs/perfrun1/plugins/system/src/controller.cpp:448
101 [140165039253056] INFO perfrun.vdso <> - Helper runtool '/opt/intel/oneapi/vtune/2023.2.0/bin32/amplxe-runss -dump-vdso -r /home/ashen/Documents/Software_Analysis-git/Mid/mid/r001hs --tmp-dir /tmp/amplxe-tmp-ashen' returned 1
143 [140165039253056] INFO perfrun.vdso <> - Helper runtool '/opt/intel/oneapi/vtune/2023.2.0/bin64/amplxe-runss -dump-vdso -r /home/ashen/Documents/Software_Analysis-git/Mid/mid/r001hs --tmp-dir /tmp/amplxe-tmp-ashen' returned 0
143 [140165039253056] INFO perfrun.itt <> - start itt controller for pid #31278
143 [140165039253056] INFO perfrun.perfcollector <> - attaching to pid: 31278, collect mode: 1, rc modes: 1
143 [140165005682240] WARN perfrun.perfcollector <> - Perf stat trace pipe capacity: read = 1048576, write = 1048576, at file: vcs/perfrun1/plugins/perfcollector/src/profiler.cpp:765
144 [140165005682240] INFO perfrun.sdk <> - runCmd: /opt/intel/oneapi/vtune/2023.2.0/bin64/amplxe-perf stat -v --log-fd 23 --control=fd:24,28 --scale -x ; -p 31278 -e cpu/event=0x3c,name='CPU_CLK_UNHALTED.THREAD'/Duk,cpu/umask=0x3,name='CPU_CLK_UNHALTED.REF_TSC'/Duk,cpu/event=0xc0,name='INST_RETIRED.ANY'/Duk,cpu/event=0xec,umask=0x2,name='CPU_CLK_UNHALTED.DISTRIBUTED'/uk,cpu/event=0xc7,umask=0x2,name='FP_ARITH_INST_RETIRED.SCALAR_SINGLE'/uk,cpu/event=0xc7,umask=0x8,name='FP_ARITH_INST_RETIRED.128B_PACKED_SINGLE'/uk,cpu/event=0xc7,umask=0x20,name='FP_ARITH_INST_RETIRED.256B_PACKED_SINGLE'/uk,cpu/event=0xc7,umask=0x1,name='FP_ARITH_INST_RETIRED.SCALAR_DOUBLE'/uk,cpu/event=0xc7,umask=0x4,name='FP_ARITH_INST_RETIRED.128B_PACKED_DOUBLE'/uk,cpu/event=0xc7,umask=0x10,name='FP_ARITH_INST_RETIRED.256B_PACKED_DOUBLE'/uk,cpu/event=0xb1,umask=0x10,name='UOPS_EXECUTED.X87'/uk,cpu/event=0xc2,umask=0x2,name='UOPS_RETIRED.SLOTS'/uk,cpu/event=0xb1,umask=0x1,name='UOPS_EXECUTED.THREAD'/uk,cpu/event=0xc7,umask=0x40,name='FP_ARITH_INST_RETIRED.512B_PACKED_DOUBLE'/uk,cpu/event=0xc7,umask=0x80,name='FP_ARITH_INST_RETIRED.512B_PACKED_SINGLE'/uk,cpu/umask=0x4,name='TOPDOWN.SLOTS'/Duk /opt/intel/oneapi/vtune/2023.2.0/bin64/amplxe-perf-sync sync tsc
144 [140165005682240] INFO perfrun.sdk <> - runCmd started PID 31288
154 [140165039253056] INFO perfrun.tpss <> - start tpss controller for pid #31278
204 [140165192725952] INFO perfrun.launcher <> - Launcher: all plugins were started
204 [140165192725952] INFO perfrun.launcher <> - DirectoryMonitor object was created
204 [140165192725952] INFO perfrun.launcher <> - DirectoryMonitor: a callback was added
204 [140165192725952] INFO perfrun.launcher <> - DirectoryMonitor was started with pingTime = 1000
204 [140165192725952] INFO perfrun.launcher <> - DeadlineTimer is going to be constructed
204 [140165192725952] INFO perfrun.launcher <> - DeadlineTimer: a callback was added
206 [140165192725952] INFO perfrun.launcher <> - Launcher: resume the profiled application and  wait its termination or stop command
1094 [140165192725952] INFO perfrun.launcher <> - Launcher: the profiled application was terminated  with exit code = 0
1096 [140165039253056] INFO perfrun.itt <> - detach itt controller
1096 [140165039253056] INFO perfrun.itt <> - detach itt controller done
1096 [140165005682240] INFO perfrun.perfcollector <> - Monitor: runCmd RC = true
1096 [140165039253056] INFO perfrun.perfcollector <> - Monitor: state = 3, error = 1
1096 [140165039253056] INFO perfrun.tpss <> - stop tpss controller
1096 [140165039253056] INFO perfrun.sdk <> - De-allocating TMU: /home/ashen/Documents/Software_Analysis-git/Mid/mid/r001hs/data.0/systemcollector-31268-Stephanie-Lin.sc
1096 [140165039253056] INFO perfrun.system <> - closed the system trace file: /home/ashen/Documents/Software_Analysis-git/Mid/mid/r001hs/data.0/systemcollector-31268-Stephanie-Lin.sc
1097 [140165192725952] INFO perfrun.launcher <> - Launcher: all plugins were stopped.
1097 [140165192725952] INFO perfrun.launcher <> - DeadlineTimer is going to be destroyed
1097 [140165192725952] INFO perfrun.launcher <> - DeadlineTimer was destroyed
1097 [140165192725952] INFO perfrun.launcher <> - DirectoryMonitor object was destroyed
1097 [140165192725952] WARN perfrun.launcher <> - Stop command is ignored because it is received when collection is already stopped, at file: vcs/perfrun1/launcher/src/command_handler.cpp:226
1097 [140165192725952] INFO perfrun.launcher <> - Application exit code: 0
1097 [140165192725952] INFO perfrun.launcher <> - Exit code: 0
