threads_spec: cpu
Using CPUID GenuineIntel-6-A7-1
DEBUGINFOD_URLS=
Compression enabled, disabling build id collection at the end of the session.
nr_threads: 12
thread_masks[0]: 0x55a576a60d00: maps mask[12]: 0
thread_masks[0]: 0x55a576a60d10: affinity mask[12]: 0
thread_masks[1]: 0x55a576a60d20: maps mask[12]: 1
thread_masks[1]: 0x55a576a60d30: affinity mask[12]: 1
thread_masks[2]: 0x55a576a60d40: maps mask[12]: 2
thread_masks[2]: 0x55a576a60d50: affinity mask[12]: 2
thread_masks[3]: 0x55a576a60d60: maps mask[12]: 3
thread_masks[3]: 0x55a576a60d70: affinity mask[12]: 3
thread_masks[4]: 0x55a576a60d80: maps mask[12]: 4
thread_masks[4]: 0x55a576a60d90: affinity mask[12]: 4
thread_masks[5]: 0x55a576a60da0: maps mask[12]: 5
thread_masks[5]: 0x55a576a60db0: affinity mask[12]: 5
thread_masks[6]: 0x55a576a60dc0: maps mask[12]: 6
thread_masks[6]: 0x55a576a60dd0: affinity mask[12]: 6
thread_masks[7]: 0x55a576a60de0: maps mask[12]: 7
thread_masks[7]: 0x55a576a60df0: affinity mask[12]: 7
thread_masks[8]: 0x55a576a60e00: maps mask[12]: 8
thread_masks[8]: 0x55a576a60e10: affinity mask[12]: 8
thread_masks[9]: 0x55a576a60e20: maps mask[12]: 9
thread_masks[9]: 0x55a576a60e30: affinity mask[12]: 9
thread_masks[10]: 0x55a576a60e40: maps mask[12]: 10
thread_masks[10]: 0x55a576a60e50: affinity mask[12]: 10
thread_masks[11]: 0x55a576a60e60: maps mask[12]: 11
thread_masks[11]: 0x55a576a60e70: affinity mask[12]: 11
nr_cblocks: 0
affinity: SYS
mmap flush: 1
comp level: 1
mmap size 528384B
threads[80037]: started on cpu1
threads[80038]: started on cpu2
threads[80039]: started on cpu3
threads[80040]: started on cpu4
threads[80041]: started on cpu5
threads[80042]: started on cpu6
threads[80043]: started on cpu7
threads[80044]: started on cpu8
threads[80045]: started on cpu9
threads[80046]: started on cpu10
threads[80047]: started on cpu11
threads[80035]: started on cpu0

80036:perf-sync:ready:TSC=993455374005120
[ perf record: Woken up 1181 times to write data ]
threads[80035]: samples=0, wakes=96, written=0
threads[80037]: samples=10, wakes=7, transferred=1751168, compressed=161657
threads[80038]: samples=0, wakes=105, written=0
threads[80039]: samples=0, wakes=103, written=0
threads[80040]: samples=0, wakes=116, written=0
threads[80041]: samples=0, wakes=113, written=0
threads[80042]: samples=0, wakes=97, written=0
threads[80043]: samples=0, wakes=129, written=0
threads[80044]: samples=1, wakes=73, transferred=336, compressed=117
threads[80045]: samples=0, wakes=100, written=0
threads[80046]: samples=0, wakes=123, written=0
threads[80047]: samples=0, wakes=120, written=0
failed to write feature HYBRID_TOPOLOGY
[ perf record: Captured and wrote 0.209 MB /home/ashen/Documents/Software_Analysis-git/HW3/HW3/r000hs/data.0/80028.perf, compressed (original 1.670 MB, ratio is 10.827) ]
