threads_spec: cpu
Using CPUID GenuineIntel-6-A7-1
DEBUGINFOD_URLS=
Compression enabled, disabling build id collection at the end of the session.
nr_threads: 12
thread_masks[0]: 0x55adb4001d00: maps mask[12]: 0
thread_masks[0]: 0x55adb4001d10: affinity mask[12]: 0
thread_masks[1]: 0x55adb4001d20: maps mask[12]: 1
thread_masks[1]: 0x55adb4001d30: affinity mask[12]: 1
thread_masks[2]: 0x55adb4001d40: maps mask[12]: 2
thread_masks[2]: 0x55adb4001d50: affinity mask[12]: 2
thread_masks[3]: 0x55adb4001d60: maps mask[12]: 3
thread_masks[3]: 0x55adb4001d70: affinity mask[12]: 3
thread_masks[4]: 0x55adb4001d80: maps mask[12]: 4
thread_masks[4]: 0x55adb4001d90: affinity mask[12]: 4
thread_masks[5]: 0x55adb4001da0: maps mask[12]: 5
thread_masks[5]: 0x55adb4001db0: affinity mask[12]: 5
thread_masks[6]: 0x55adb4001dc0: maps mask[12]: 6
thread_masks[6]: 0x55adb4001dd0: affinity mask[12]: 6
thread_masks[7]: 0x55adb4001de0: maps mask[12]: 7
thread_masks[7]: 0x55adb4001df0: affinity mask[12]: 7
thread_masks[8]: 0x55adb4001e00: maps mask[12]: 8
thread_masks[8]: 0x55adb4001e10: affinity mask[12]: 8
thread_masks[9]: 0x55adb4001e20: maps mask[12]: 9
thread_masks[9]: 0x55adb4001e30: affinity mask[12]: 9
thread_masks[10]: 0x55adb4001e40: maps mask[12]: 10
thread_masks[10]: 0x55adb4001e50: affinity mask[12]: 10
thread_masks[11]: 0x55adb4001e60: maps mask[12]: 11
thread_masks[11]: 0x55adb4001e70: affinity mask[12]: 11
nr_cblocks: 0
affinity: SYS
mmap flush: 1
comp level: 1
mmap size 528384B
threads[81458]: started on cpu1
threads[81459]: started on cpu2
threads[81460]: started on cpu3
threads[81461]: started on cpu4
threads[81462]: started on cpu5
threads[81463]: started on cpu6
threads[81464]: started on cpu7
threads[81465]: started on cpu8
threads[81466]: started on cpu9
threads[81467]: started on cpu10
threads[81468]: started on cpu11
threads[81456]: started on cpu0

81457:perf-sync:ready:TSC=997019934787285
[ perf record: Woken up 1049 times to write data ]
threads[81456]: samples=0, wakes=103, written=0
threads[81458]: samples=0, wakes=107, written=0
threads[81459]: samples=0, wakes=114, written=0
threads[81460]: samples=0, wakes=1, written=0
threads[81461]: samples=16, wakes=11, transferred=2651808, compressed=248549
threads[81462]: samples=0, wakes=109, written=0
threads[81463]: samples=0, wakes=100, written=0
threads[81464]: samples=0, wakes=104, written=0
threads[81465]: samples=0, wakes=40, written=0
threads[81466]: samples=0, wakes=121, written=0
threads[81467]: samples=3, wakes=129, transferred=524336, compressed=48771
threads[81468]: samples=0, wakes=114, written=0
failed to write feature HYBRID_TOPOLOGY
[ perf record: Captured and wrote 0.338 MB /home/ashen/Documents/Software_Analysis-git/HW3/HW3/r004hs/data.0/81449.perf, compressed (original 3.029 MB, ratio is 10.683) ]
